{"/Users/keerthanathangaraju/mergeChanges/SB4-MAYDAY/models/index.js":{"path":"/Users/keerthanathangaraju/mergeChanges/SB4-MAYDAY/models/index.js","s":{"1":1,"2":1,"3":1,"4":1,"5":10,"6":8,"7":8,"8":8,"9":1,"10":8,"11":7,"12":1,"13":1,"14":1},"b":{"1":[10,9],"2":[7,1]},"f":{"1":10,"2":8,"3":8},"fnMap":{"1":{"name":"(anonymous_1)","line":25,"loc":{"start":{"line":25,"column":10},"end":{"line":25,"column":25}}},"2":{"name":"(anonymous_2)","line":29,"loc":{"start":{"line":29,"column":11},"end":{"line":29,"column":26}}},"3":{"name":"(anonymous_3)","line":43,"loc":{"start":{"line":43,"column":24},"end":{"line":43,"column":44}}}},"statementMap":{"1":{"start":{"line":3,"column":0},"end":{"line":7,"column":10}},"2":{"start":{"line":8,"column":2},"end":{"line":8,"column":66}},"3":{"start":{"line":14,"column":0},"end":{"line":17,"column":5}},"4":{"start":{"line":24,"column":0},"end":{"line":38,"column":5}},"5":{"start":{"line":27,"column":4},"end":{"line":27,"column":69}},"6":{"start":{"line":31,"column":2},"end":{"line":31,"column":59}},"7":{"start":{"line":32,"column":4},"end":{"line":32,"column":41}},"8":{"start":{"line":33,"column":4},"end":{"line":33,"column":27}},"9":{"start":{"line":43,"column":0},"end":{"line":47,"column":3}},"10":{"start":{"line":44,"column":2},"end":{"line":46,"column":3}},"11":{"start":{"line":45,"column":4},"end":{"line":45,"column":32}},"12":{"start":{"line":54,"column":0},"end":{"line":54,"column":25}},"13":{"start":{"line":55,"column":0},"end":{"line":55,"column":25}},"14":{"start":{"line":59,"column":0},"end":{"line":59,"column":20}}},"branchMap":{"1":{"line":27,"type":"binary-expr","locations":[{"start":{"line":27,"column":12},"end":{"line":27,"column":34}},{"start":{"line":27,"column":40},"end":{"line":27,"column":67}}]},"2":{"line":44,"type":"if","locations":[{"start":{"line":44,"column":2},"end":{"line":44,"column":2}},{"start":{"line":44,"column":2},"end":{"line":44,"column":2}}]}}},"/Users/keerthanathangaraju/mergeChanges/SB4-MAYDAY/server/config.js":{"path":"/Users/keerthanathangaraju/mergeChanges/SB4-MAYDAY/server/config.js","s":{"1":1,"2":1,"3":1},"b":{"1":[1,0]},"f":{"1":1},"fnMap":{"1":{"name":"(anonymous_1)","line":1,"loc":{"start":{"line":1,"column":17},"end":{"line":1,"column":39}}}},"statementMap":{"1":{"start":{"line":1,"column":0},"end":{"line":15,"column":2}},"2":{"start":{"line":2,"column":2},"end":{"line":12,"column":4}},"3":{"start":{"line":14,"column":2},"end":{"line":14,"column":51}}},"branchMap":{"1":{"line":14,"type":"binary-expr","locations":[{"start":{"line":14,"column":9},"end":{"line":14,"column":28}},{"start":{"line":14,"column":32},"end":{"line":14,"column":50}}]}}},"/Users/keerthanathangaraju/mergeChanges/SB4-MAYDAY/models/AnnouncementModel.js":{"path":"/Users/keerthanathangaraju/mergeChanges/SB4-MAYDAY/models/AnnouncementModel.js","s":{"1":1,"2":1,"3":1,"4":1,"5":1},"b":{},"f":{"1":1,"2":1},"fnMap":{"1":{"name":"(anonymous_1)","line":5,"loc":{"start":{"line":5,"column":17},"end":{"line":5,"column":37}}},"2":{"name":"(anonymous_2)","line":27,"loc":{"start":{"line":27,"column":23},"end":{"line":27,"column":40}}}},"statementMap":{"1":{"start":{"line":2,"column":0},"end":{"line":2,"column":37}},"2":{"start":{"line":5,"column":0},"end":{"line":33,"column":2}},"3":{"start":{"line":6,"column":4},"end":{"line":31,"column":7}},"4":{"start":{"line":28,"column":16},"end":{"line":28,"column":54}},"5":{"start":{"line":32,"column":4},"end":{"line":32,"column":25}}},"branchMap":{}},"/Users/keerthanathangaraju/mergeChanges/SB4-MAYDAY/models/FirstAidModel.js":{"path":"/Users/keerthanathangaraju/mergeChanges/SB4-MAYDAY/models/FirstAidModel.js","s":{"1":1,"2":1,"3":1,"4":1},"b":{},"f":{"1":1},"fnMap":{"1":{"name":"(anonymous_1)","line":5,"loc":{"start":{"line":5,"column":17},"end":{"line":5,"column":36}}}},"statementMap":{"1":{"start":{"line":2,"column":0},"end":{"line":2,"column":37}},"2":{"start":{"line":5,"column":0},"end":{"line":21,"column":2}},"3":{"start":{"line":6,"column":1},"end":{"line":19,"column":5}},"4":{"start":{"line":20,"column":1},"end":{"line":20,"column":18}}},"branchMap":{}},"/Users/keerthanathangaraju/mergeChanges/SB4-MAYDAY/models/PerformanceMessageModel.js":{"path":"/Users/keerthanathangaraju/mergeChanges/SB4-MAYDAY/models/PerformanceMessageModel.js","s":{"1":1,"2":1,"3":1,"4":1,"5":0,"6":0,"7":1},"b":{},"f":{"1":1,"2":1,"3":0,"4":0,"5":0},"fnMap":{"1":{"name":"(anonymous_1)","line":5,"loc":{"start":{"line":5,"column":17},"end":{"line":5,"column":37}}},"2":{"name":"(anonymous_2)","line":27,"loc":{"start":{"line":27,"column":14},"end":{"line":27,"column":31}}},"3":{"name":"(anonymous_3)","line":32,"loc":{"start":{"line":32,"column":45},"end":{"line":32,"column":78}}},"4":{"name":"(anonymous_4)","line":34,"loc":{"start":{"line":34,"column":30},"end":{"line":34,"column":48}}},"5":{"name":"(anonymous_5)","line":38,"loc":{"start":{"line":38,"column":33},"end":{"line":38,"column":44}}}},"statementMap":{"1":{"start":{"line":2,"column":0},"end":{"line":2,"column":37}},"2":{"start":{"line":5,"column":0},"end":{"line":46,"column":1}},"3":{"start":{"line":6,"column":1},"end":{"line":44,"column":4}},"4":{"start":{"line":28,"column":4},"end":{"line":30,"column":7}},"5":{"start":{"line":33,"column":24},"end":{"line":40,"column":27}},"6":{"start":{"line":36,"column":26},"end":{"line":36,"column":45}},"7":{"start":{"line":45,"column":1},"end":{"line":45,"column":22}}},"branchMap":{}},"/Users/keerthanathangaraju/mergeChanges/SB4-MAYDAY/models/PrivateMessagesModel.js":{"path":"/Users/keerthanathangaraju/mergeChanges/SB4-MAYDAY/models/PrivateMessagesModel.js","s":{"1":1,"2":1,"3":1,"4":1,"5":1,"6":1},"b":{},"f":{"1":1,"2":1},"fnMap":{"1":{"name":"(anonymous_1)","line":3,"loc":{"start":{"line":3,"column":17},"end":{"line":3,"column":37}}},"2":{"name":"(anonymous_2)","line":29,"loc":{"start":{"line":29,"column":14},"end":{"line":29,"column":31}}}},"statementMap":{"1":{"start":{"line":1,"column":0},"end":{"line":1,"column":37}},"2":{"start":{"line":3,"column":0},"end":{"line":41,"column":1}},"3":{"start":{"line":4,"column":1},"end":{"line":39,"column":4}},"4":{"start":{"line":30,"column":4},"end":{"line":32,"column":7}},"5":{"start":{"line":33,"column":4},"end":{"line":36,"column":7}},"6":{"start":{"line":40,"column":1},"end":{"line":40,"column":25}}},"branchMap":{}},"/Users/keerthanathangaraju/mergeChanges/SB4-MAYDAY/models/PrivilegeModel.js":{"path":"/Users/keerthanathangaraju/mergeChanges/SB4-MAYDAY/models/PrivilegeModel.js","s":{"1":1,"2":1,"3":1,"4":1,"5":1},"b":{},"f":{"1":1,"2":1},"fnMap":{"1":{"name":"(anonymous_1)","line":5,"loc":{"start":{"line":5,"column":17},"end":{"line":5,"column":37}}},"2":{"name":"(anonymous_2)","line":25,"loc":{"start":{"line":25,"column":23},"end":{"line":25,"column":40}}}},"statementMap":{"1":{"start":{"line":2,"column":0},"end":{"line":2,"column":37}},"2":{"start":{"line":5,"column":0},"end":{"line":35,"column":2}},"3":{"start":{"line":6,"column":4},"end":{"line":32,"column":7}},"4":{"start":{"line":26,"column":16},"end":{"line":29,"column":19}},"5":{"start":{"line":33,"column":4},"end":{"line":33,"column":21}}},"branchMap":{}},"/Users/keerthanathangaraju/mergeChanges/SB4-MAYDAY/models/PublicMessageModel.js":{"path":"/Users/keerthanathangaraju/mergeChanges/SB4-MAYDAY/models/PublicMessageModel.js","s":{"1":1,"2":1,"3":1,"4":1,"5":1,"6":1,"7":1},"b":{},"f":{"1":1,"2":1,"3":1,"4":1,"5":0},"fnMap":{"1":{"name":"(anonymous_1)","line":5,"loc":{"start":{"line":5,"column":17},"end":{"line":5,"column":37}}},"2":{"name":"(anonymous_2)","line":27,"loc":{"start":{"line":27,"column":14},"end":{"line":27,"column":31}}},"3":{"name":"(anonymous_3)","line":32,"loc":{"start":{"line":32,"column":45},"end":{"line":32,"column":78}}},"4":{"name":"(anonymous_4)","line":34,"loc":{"start":{"line":34,"column":30},"end":{"line":34,"column":48}}},"5":{"name":"(anonymous_5)","line":38,"loc":{"start":{"line":38,"column":33},"end":{"line":38,"column":44}}}},"statementMap":{"1":{"start":{"line":2,"column":0},"end":{"line":2,"column":37}},"2":{"start":{"line":5,"column":0},"end":{"line":46,"column":1}},"3":{"start":{"line":6,"column":1},"end":{"line":44,"column":4}},"4":{"start":{"line":28,"column":4},"end":{"line":30,"column":7}},"5":{"start":{"line":33,"column":24},"end":{"line":40,"column":27}},"6":{"start":{"line":36,"column":26},"end":{"line":36,"column":45}},"7":{"start":{"line":45,"column":1},"end":{"line":45,"column":17}}},"branchMap":{}},"/Users/keerthanathangaraju/mergeChanges/SB4-MAYDAY/models/StatusModel.js":{"path":"/Users/keerthanathangaraju/mergeChanges/SB4-MAYDAY/models/StatusModel.js","s":{"1":1,"2":1,"3":1,"4":1,"5":1},"b":{},"f":{"1":1,"2":1},"fnMap":{"1":{"name":"(anonymous_1)","line":4,"loc":{"start":{"line":4,"column":17},"end":{"line":4,"column":47}}},"2":{"name":"(anonymous_2)","line":28,"loc":{"start":{"line":28,"column":23},"end":{"line":28,"column":40}}}},"statementMap":{"1":{"start":{"line":2,"column":0},"end":{"line":2,"column":37}},"2":{"start":{"line":4,"column":0},"end":{"line":38,"column":1}},"3":{"start":{"line":5,"column":4},"end":{"line":35,"column":7}},"4":{"start":{"line":29,"column":16},"end":{"line":32,"column":19}},"5":{"start":{"line":36,"column":4},"end":{"line":36,"column":18}}},"branchMap":{}},"/Users/keerthanathangaraju/mergeChanges/SB4-MAYDAY/models/UsersModel.js":{"path":"/Users/keerthanathangaraju/mergeChanges/SB4-MAYDAY/models/UsersModel.js","s":{"1":1,"2":1,"3":1,"4":1,"5":1,"6":1,"7":1,"8":1},"b":{},"f":{"1":1,"2":1},"fnMap":{"1":{"name":"(anonymous_1)","line":5,"loc":{"start":{"line":5,"column":17},"end":{"line":5,"column":48}}},"2":{"name":"(anonymous_2)","line":36,"loc":{"start":{"line":36,"column":17},"end":{"line":36,"column":34}}}},"statementMap":{"1":{"start":{"line":2,"column":0},"end":{"line":2,"column":37}},"2":{"start":{"line":5,"column":0},"end":{"line":54,"column":2}},"3":{"start":{"line":6,"column":2},"end":{"line":51,"column":5}},"4":{"start":{"line":37,"column":8},"end":{"line":39,"column":11}},"5":{"start":{"line":40,"column":8},"end":{"line":43,"column":11}},"6":{"start":{"line":44,"column":8},"end":{"line":47,"column":11}},"7":{"start":{"line":48,"column":8},"end":{"line":48,"column":44}},"8":{"start":{"line":52,"column":2},"end":{"line":52,"column":15}}},"branchMap":{}},"/Users/keerthanathangaraju/mergeChanges/SB4-MAYDAY/main.js":{"path":"/Users/keerthanathangaraju/mergeChanges/SB4-MAYDAY/main.js","s":{"1":1,"2":1,"3":1,"4":1},"b":{"1":[1,1],"2":[1,1]},"f":{},"fnMap":{},"statementMap":{"1":{"start":{"line":4,"column":0},"end":{"line":4,"column":40}},"2":{"start":{"line":6,"column":0},"end":{"line":6,"column":36}},"3":{"start":{"line":7,"column":0},"end":{"line":7,"column":49}},"4":{"start":{"line":10,"column":0},"end":{"line":10,"column":37}}},"branchMap":{"1":{"line":6,"type":"binary-expr","locations":[{"start":{"line":6,"column":11},"end":{"line":6,"column":27}},{"start":{"line":6,"column":31},"end":{"line":6,"column":35}}]},"2":{"line":7,"type":"binary-expr","locations":[{"start":{"line":7,"column":15},"end":{"line":7,"column":35}},{"start":{"line":7,"column":39},"end":{"line":7,"column":48}}]}}},"/Users/keerthanathangaraju/mergeChanges/SB4-MAYDAY/server/server.js":{"path":"/Users/keerthanathangaraju/mergeChanges/SB4-MAYDAY/server/server.js","s":{"1":1,"2":1,"3":1,"4":1,"5":1,"6":1,"7":1,"8":1,"9":1,"10":1,"11":1,"12":1,"13":1,"14":1,"15":1,"16":1,"17":1,"18":27,"19":0,"20":27,"21":1,"22":1,"23":1,"24":1,"25":1,"26":1,"27":1,"28":1,"29":1,"30":1,"31":1,"32":1,"33":1,"34":1,"35":1,"36":1,"37":1,"38":1,"39":1,"40":1,"41":1,"42":1,"43":1,"44":1,"45":1,"46":1,"47":1,"48":1,"49":0,"50":1,"51":1,"52":1,"53":4,"54":4,"55":4,"56":1,"57":1,"58":4,"59":4,"60":1},"b":{"1":[0,27],"2":[27,25],"3":[1,0]},"f":{"1":1,"2":27,"3":1,"4":1,"5":1,"6":1,"7":1,"8":0,"9":1,"10":0},"fnMap":{"1":{"name":"(anonymous_1)","line":14,"loc":{"start":{"line":14,"column":17},"end":{"line":14,"column":42}}},"2":{"name":"(anonymous_2)","line":26,"loc":{"start":{"line":26,"column":17},"end":{"line":26,"column":42}}},"3":{"name":"(anonymous_3)","line":61,"loc":{"start":{"line":61,"column":18},"end":{"line":61,"column":29}}},"4":{"name":"(anonymous_4)","line":62,"loc":{"start":{"line":62,"column":34},"end":{"line":62,"column":45}}},"5":{"name":"(anonymous_5)","line":78,"loc":{"start":{"line":78,"column":102},"end":{"line":78,"column":117}}},"6":{"name":"addUsersAndPrivileges","line":87,"loc":{"start":{"line":87,"column":16},"end":{"line":87,"column":49}}},"7":{"name":"(anonymous_7)","line":89,"loc":{"start":{"line":89,"column":34},"end":{"line":89,"column":50}}},"8":{"name":"(anonymous_8)","line":96,"loc":{"start":{"line":96,"column":37},"end":{"line":96,"column":49}}},"9":{"name":"(anonymous_9)","line":101,"loc":{"start":{"line":101,"column":34},"end":{"line":101,"column":55}}},"10":{"name":"(anonymous_10)","line":107,"loc":{"start":{"line":107,"column":37},"end":{"line":107,"column":49}}}},"statementMap":{"1":{"start":{"line":2,"column":0},"end":{"line":2,"column":33}},"2":{"start":{"line":3,"column":0},"end":{"line":3,"column":27}},"3":{"start":{"line":5,"column":0},"end":{"line":5,"column":40}},"4":{"start":{"line":6,"column":0},"end":{"line":6,"column":43}},"5":{"start":{"line":7,"column":0},"end":{"line":7,"column":20}},"6":{"start":{"line":8,"column":0},"end":{"line":8,"column":39}},"7":{"start":{"line":10,"column":0},"end":{"line":10,"column":42}},"8":{"start":{"line":11,"column":0},"end":{"line":11,"column":33}},"9":{"start":{"line":14,"column":0},"end":{"line":119,"column":1}},"10":{"start":{"line":15,"column":4},"end":{"line":15,"column":16}},"11":{"start":{"line":18,"column":4},"end":{"line":18,"column":34}},"12":{"start":{"line":19,"column":4},"end":{"line":19,"column":51}},"13":{"start":{"line":20,"column":4},"end":{"line":20,"column":34}},"14":{"start":{"line":21,"column":4},"end":{"line":21,"column":24}},"15":{"start":{"line":22,"column":4},"end":{"line":22,"column":31}},"16":{"start":{"line":23,"column":4},"end":{"line":25,"column":8}},"17":{"start":{"line":26,"column":4},"end":{"line":39,"column":7}},"18":{"start":{"line":29,"column":8},"end":{"line":38,"column":9}},"19":{"start":{"line":31,"column":12},"end":{"line":35,"column":15}},"20":{"start":{"line":37,"column":12},"end":{"line":37,"column":19}},"21":{"start":{"line":41,"column":4},"end":{"line":41,"column":80}},"22":{"start":{"line":42,"column":4},"end":{"line":42,"column":59}},"23":{"start":{"line":43,"column":4},"end":{"line":43,"column":43}},"24":{"start":{"line":44,"column":4},"end":{"line":44,"column":38}},"25":{"start":{"line":46,"column":4},"end":{"line":46,"column":22}},"26":{"start":{"line":47,"column":4},"end":{"line":47,"column":23}},"27":{"start":{"line":48,"column":4},"end":{"line":48,"column":24}},"28":{"start":{"line":49,"column":4},"end":{"line":49,"column":27}},"29":{"start":{"line":50,"column":4},"end":{"line":50,"column":32}},"30":{"start":{"line":51,"column":4},"end":{"line":51,"column":31}},"31":{"start":{"line":55,"column":0},"end":{"line":55,"column":43}},"32":{"start":{"line":58,"column":4},"end":{"line":110,"column":15}},"33":{"start":{"line":62,"column":16},"end":{"line":64,"column":19}},"34":{"start":{"line":63,"column":20},"end":{"line":63,"column":69}},"35":{"start":{"line":65,"column":16},"end":{"line":86,"column":17}},"36":{"start":{"line":66,"column":20},"end":{"line":66,"column":79}},"37":{"start":{"line":67,"column":20},"end":{"line":67,"column":91}},"38":{"start":{"line":68,"column":20},"end":{"line":68,"column":97}},"39":{"start":{"line":69,"column":20},"end":{"line":69,"column":108}},"40":{"start":{"line":70,"column":20},"end":{"line":70,"column":154}},"41":{"start":{"line":71,"column":20},"end":{"line":71,"column":141}},"42":{"start":{"line":72,"column":20},"end":{"line":72,"column":144}},"43":{"start":{"line":73,"column":20},"end":{"line":73,"column":142}},"44":{"start":{"line":75,"column":20},"end":{"line":75,"column":93}},"45":{"start":{"line":76,"column":20},"end":{"line":76,"column":106}},"46":{"start":{"line":77,"column":20},"end":{"line":77,"column":93}},"47":{"start":{"line":78,"column":20},"end":{"line":80,"column":23}},"48":{"start":{"line":79,"column":24},"end":{"line":79,"column":48}},"49":{"start":{"line":85,"column":20},"end":{"line":85,"column":44}},"50":{"start":{"line":87,"column":16},"end":{"line":109,"column":17}},"51":{"start":{"line":88,"column":20},"end":{"line":97,"column":23}},"52":{"start":{"line":90,"column":32},"end":{"line":94,"column":33}},"53":{"start":{"line":91,"column":36},"end":{"line":91,"column":56}},"54":{"start":{"line":92,"column":36},"end":{"line":92,"column":70}},"55":{"start":{"line":93,"column":36},"end":{"line":93,"column":72}},"56":{"start":{"line":100,"column":20},"end":{"line":108,"column":23}},"57":{"start":{"line":102,"column":32},"end":{"line":105,"column":33}},"58":{"start":{"line":103,"column":36},"end":{"line":103,"column":66}},"59":{"start":{"line":104,"column":36},"end":{"line":104,"column":86}},"60":{"start":{"line":114,"column":2},"end":{"line":114,"column":14}}},"branchMap":{"1":{"line":29,"type":"if","locations":[{"start":{"line":29,"column":8},"end":{"line":29,"column":8}},{"start":{"line":29,"column":8},"end":{"line":29,"column":8}}]},"2":{"line":29,"type":"binary-expr","locations":[{"start":{"line":29,"column":12},"end":{"line":29,"column":56}},{"start":{"line":29,"column":60},"end":{"line":29,"column":80}}]},"3":{"line":65,"type":"if","locations":[{"start":{"line":65,"column":16},"end":{"line":65,"column":16}},{"start":{"line":65,"column":16},"end":{"line":65,"column":16}}]}}},"/Users/keerthanathangaraju/mergeChanges/SB4-MAYDAY/routes/index.js":{"path":"/Users/keerthanathangaraju/mergeChanges/SB4-MAYDAY/routes/index.js","s":{"1":1,"2":1,"3":1,"4":1,"5":1,"6":1,"7":1,"8":1,"9":1,"10":1,"11":1,"12":1,"13":1,"14":1,"15":1,"16":1,"17":1,"18":1,"19":1,"20":1,"21":1,"22":1,"23":1,"24":1,"25":1,"26":1,"27":0,"28":0,"29":0,"30":1,"31":0,"32":0,"33":1,"34":0,"35":0,"36":0,"37":1,"38":0,"39":0,"40":1},"b":{"1":[0,0],"2":[0,0],"3":[0,0],"4":[0,0]},"f":{"1":1,"2":0,"3":0,"4":0,"5":0},"fnMap":{"1":{"name":"(anonymous_1)","line":6,"loc":{"start":{"line":6,"column":17},"end":{"line":6,"column":31}}},"2":{"name":"(anonymous_2)","line":36,"loc":{"start":{"line":36,"column":12},"end":{"line":36,"column":37}}},"3":{"name":"(anonymous_3)","line":44,"loc":{"start":{"line":44,"column":12},"end":{"line":44,"column":42}}},"4":{"name":"(anonymous_4)","line":53,"loc":{"start":{"line":53,"column":17},"end":{"line":53,"column":42}}},"5":{"name":"(anonymous_5)","line":68,"loc":{"start":{"line":68,"column":12},"end":{"line":68,"column":42}}}},"statementMap":{"1":{"start":{"line":3,"column":0},"end":{"line":3,"column":33}},"2":{"start":{"line":4,"column":0},"end":{"line":4,"column":30}},"3":{"start":{"line":6,"column":0},"end":{"line":78,"column":2}},"4":{"start":{"line":8,"column":4},"end":{"line":8,"column":43}},"5":{"start":{"line":9,"column":4},"end":{"line":9,"column":45}},"6":{"start":{"line":11,"column":4},"end":{"line":11,"column":47}},"7":{"start":{"line":12,"column":4},"end":{"line":12,"column":57}},"8":{"start":{"line":13,"column":4},"end":{"line":13,"column":43}},"9":{"start":{"line":14,"column":4},"end":{"line":14,"column":47}},"10":{"start":{"line":15,"column":4},"end":{"line":15,"column":37}},"11":{"start":{"line":16,"column":4},"end":{"line":16,"column":43}},"12":{"start":{"line":17,"column":4},"end":{"line":17,"column":41}},"13":{"start":{"line":18,"column":4},"end":{"line":18,"column":59}},"14":{"start":{"line":19,"column":4},"end":{"line":19,"column":61}},"15":{"start":{"line":22,"column":4},"end":{"line":22,"column":24}},"16":{"start":{"line":23,"column":4},"end":{"line":23,"column":33}},"17":{"start":{"line":24,"column":4},"end":{"line":24,"column":31}},"18":{"start":{"line":25,"column":4},"end":{"line":25,"column":43}},"19":{"start":{"line":26,"column":4},"end":{"line":26,"column":29}},"20":{"start":{"line":27,"column":4},"end":{"line":27,"column":41}},"21":{"start":{"line":28,"column":4},"end":{"line":28,"column":31}},"22":{"start":{"line":29,"column":4},"end":{"line":29,"column":29}},"23":{"start":{"line":30,"column":4},"end":{"line":30,"column":35}},"24":{"start":{"line":31,"column":4},"end":{"line":31,"column":45}},"25":{"start":{"line":32,"column":4},"end":{"line":32,"column":47}},"26":{"start":{"line":36,"column":4},"end":{"line":40,"column":7}},"27":{"start":{"line":37,"column":8},"end":{"line":37,"column":46}},"28":{"start":{"line":38,"column":8},"end":{"line":38,"column":25}},"29":{"start":{"line":39,"column":8},"end":{"line":39,"column":18}},"30":{"start":{"line":44,"column":4},"end":{"line":51,"column":7}},"31":{"start":{"line":45,"column":8},"end":{"line":45,"column":38}},"32":{"start":{"line":46,"column":8},"end":{"line":50,"column":11}},"33":{"start":{"line":53,"column":4},"end":{"line":64,"column":7}},"34":{"start":{"line":54,"column":8},"end":{"line":63,"column":9}},"35":{"start":{"line":56,"column":12},"end":{"line":60,"column":15}},"36":{"start":{"line":62,"column":12},"end":{"line":62,"column":19}},"37":{"start":{"line":68,"column":4},"end":{"line":75,"column":7}},"38":{"start":{"line":69,"column":8},"end":{"line":69,"column":38}},"39":{"start":{"line":70,"column":8},"end":{"line":74,"column":11}},"40":{"start":{"line":77,"column":4},"end":{"line":77,"column":18}}},"branchMap":{"1":{"line":45,"type":"binary-expr","locations":[{"start":{"line":45,"column":19},"end":{"line":45,"column":29}},{"start":{"line":45,"column":33},"end":{"line":45,"column":36}}]},"2":{"line":54,"type":"if","locations":[{"start":{"line":54,"column":8},"end":{"line":54,"column":8}},{"start":{"line":54,"column":8},"end":{"line":54,"column":8}}]},"3":{"line":54,"type":"binary-expr","locations":[{"start":{"line":54,"column":12},"end":{"line":54,"column":57}},{"start":{"line":54,"column":61},"end":{"line":54,"column":82}}]},"4":{"line":69,"type":"binary-expr","locations":[{"start":{"line":69,"column":19},"end":{"line":69,"column":29}},{"start":{"line":69,"column":33},"end":{"line":69,"column":36}}]}}},"/Users/keerthanathangaraju/mergeChanges/SB4-MAYDAY/routes/login.js":{"path":"/Users/keerthanathangaraju/mergeChanges/SB4-MAYDAY/routes/login.js","s":{"1":1,"2":1,"3":1,"4":1,"5":1,"6":1,"7":0,"8":1,"9":1,"10":1,"11":1,"12":1,"13":1,"14":1,"15":1,"16":1,"17":1,"18":1,"19":1,"20":0,"21":0,"22":1,"23":1,"24":1,"25":1,"26":1,"27":1,"28":1,"29":0,"30":0,"31":0,"32":0,"33":0,"34":0,"35":0,"36":1,"37":0,"38":1,"39":1,"40":1,"41":1,"42":1,"43":1,"44":1,"45":0,"46":1},"b":{"1":[1,0],"2":[0,1],"3":[1,0],"4":[0,0],"5":[0,0]},"f":{"1":1,"2":0,"3":1,"4":1,"5":0,"6":1,"7":1,"8":1,"9":1,"10":0},"fnMap":{"1":{"name":"(anonymous_1)","line":10,"loc":{"start":{"line":10,"column":17},"end":{"line":10,"column":30}}},"2":{"name":"(anonymous_2)","line":11,"loc":{"start":{"line":11,"column":20},"end":{"line":11,"column":45}}},"3":{"name":"(anonymous_3)","line":16,"loc":{"start":{"line":16,"column":30},"end":{"line":16,"column":49}}},"4":{"name":"(anonymous_4)","line":27,"loc":{"start":{"line":27,"column":18},"end":{"line":27,"column":33}}},"5":{"name":"(anonymous_5)","line":55,"loc":{"start":{"line":55,"column":21},"end":{"line":55,"column":33}}},"6":{"name":"(anonymous_6)","line":64,"loc":{"start":{"line":64,"column":31},"end":{"line":64,"column":50}}},"7":{"name":"(anonymous_7)","line":75,"loc":{"start":{"line":75,"column":18},"end":{"line":75,"column":33}}},"8":{"name":"(anonymous_8)","line":106,"loc":{"start":{"line":106,"column":21},"end":{"line":106,"column":33}}},"9":{"name":"(anonymous_9)","line":111,"loc":{"start":{"line":111,"column":26},"end":{"line":111,"column":41}}},"10":{"name":"(anonymous_10)","line":128,"loc":{"start":{"line":128,"column":29},"end":{"line":128,"column":41}}}},"statementMap":{"1":{"start":{"line":4,"column":0},"end":{"line":4,"column":33}},"2":{"start":{"line":5,"column":0},"end":{"line":5,"column":30}},"3":{"start":{"line":6,"column":0},"end":{"line":6,"column":34}},"4":{"start":{"line":7,"column":0},"end":{"line":7,"column":32}},"5":{"start":{"line":10,"column":0},"end":{"line":139,"column":2}},"6":{"start":{"line":11,"column":4},"end":{"line":13,"column":7}},"7":{"start":{"line":12,"column":8},"end":{"line":12,"column":28}},"8":{"start":{"line":16,"column":4},"end":{"line":61,"column":7}},"9":{"start":{"line":18,"column":8},"end":{"line":18,"column":46}},"10":{"start":{"line":19,"column":8},"end":{"line":19,"column":46}},"11":{"start":{"line":21,"column":8},"end":{"line":59,"column":15}},"12":{"start":{"line":28,"column":16},"end":{"line":53,"column":17}},"13":{"start":{"line":29,"column":20},"end":{"line":29,"column":44}},"14":{"start":{"line":30,"column":20},"end":{"line":30,"column":79}},"15":{"start":{"line":31,"column":20},"end":{"line":34,"column":33}},"16":{"start":{"line":37,"column":20},"end":{"line":37,"column":50}},"17":{"start":{"line":38,"column":20},"end":{"line":38,"column":51}},"18":{"start":{"line":39,"column":20},"end":{"line":39,"column":56}},"19":{"start":{"line":42,"column":20},"end":{"line":48,"column":23}},"20":{"start":{"line":50,"column":20},"end":{"line":52,"column":23}},"21":{"start":{"line":56,"column":16},"end":{"line":58,"column":19}},"22":{"start":{"line":64,"column":4},"end":{"line":135,"column":7}},"23":{"start":{"line":65,"column":8},"end":{"line":65,"column":46}},"24":{"start":{"line":66,"column":8},"end":{"line":66,"column":46}},"25":{"start":{"line":67,"column":8},"end":{"line":67,"column":32}},"26":{"start":{"line":68,"column":8},"end":{"line":68,"column":67}},"27":{"start":{"line":70,"column":8},"end":{"line":133,"column":15}},"28":{"start":{"line":76,"column":16},"end":{"line":105,"column":17}},"29":{"start":{"line":77,"column":20},"end":{"line":99,"column":21}},"30":{"start":{"line":78,"column":24},"end":{"line":81,"column":37}},"31":{"start":{"line":83,"column":24},"end":{"line":83,"column":54}},"32":{"start":{"line":84,"column":24},"end":{"line":84,"column":55}},"33":{"start":{"line":85,"column":24},"end":{"line":85,"column":60}},"34":{"start":{"line":87,"column":24},"end":{"line":93,"column":27}},"35":{"start":{"line":96,"column":24},"end":{"line":98,"column":27}},"36":{"start":{"line":101,"column":23},"end":{"line":105,"column":17}},"37":{"start":{"line":102,"column":20},"end":{"line":104,"column":23}},"38":{"start":{"line":107,"column":16},"end":{"line":132,"column":23}},"39":{"start":{"line":112,"column":24},"end":{"line":115,"column":37}},"40":{"start":{"line":117,"column":24},"end":{"line":117,"column":45}},"41":{"start":{"line":118,"column":24},"end":{"line":118,"column":59}},"42":{"start":{"line":119,"column":24},"end":{"line":119,"column":60}},"43":{"start":{"line":120,"column":24},"end":{"line":120,"column":56}},"44":{"start":{"line":121,"column":24},"end":{"line":127,"column":27}},"45":{"start":{"line":129,"column":24},"end":{"line":131,"column":27}},"46":{"start":{"line":138,"column":4},"end":{"line":138,"column":18}}},"branchMap":{"1":{"line":28,"type":"if","locations":[{"start":{"line":28,"column":16},"end":{"line":28,"column":16}},{"start":{"line":28,"column":16},"end":{"line":28,"column":16}}]},"2":{"line":76,"type":"if","locations":[{"start":{"line":76,"column":16},"end":{"line":76,"column":16}},{"start":{"line":76,"column":16},"end":{"line":76,"column":16}}]},"3":{"line":76,"type":"binary-expr","locations":[{"start":{"line":76,"column":20},"end":{"line":76,"column":33}},{"start":{"line":76,"column":37},"end":{"line":76,"column":63}}]},"4":{"line":77,"type":"if","locations":[{"start":{"line":77,"column":20},"end":{"line":77,"column":20}},{"start":{"line":77,"column":20},"end":{"line":77,"column":20}}]},"5":{"line":101,"type":"if","locations":[{"start":{"line":101,"column":23},"end":{"line":101,"column":23}},{"start":{"line":101,"column":23},"end":{"line":101,"column":23}}]}}},"/Users/keerthanathangaraju/mergeChanges/SB4-MAYDAY/routes/logout.js":{"path":"/Users/keerthanathangaraju/mergeChanges/SB4-MAYDAY/routes/logout.js","s":{"1":1,"2":1,"3":1,"4":1,"5":0,"6":0,"7":0,"8":0,"9":1},"b":{},"f":{"1":1,"2":0},"fnMap":{"1":{"name":"(anonymous_1)","line":5,"loc":{"start":{"line":5,"column":17},"end":{"line":5,"column":30}}},"2":{"name":"(anonymous_2)","line":7,"loc":{"start":{"line":7,"column":25},"end":{"line":7,"column":50}}}},"statementMap":{"1":{"start":{"line":2,"column":0},"end":{"line":2,"column":33}},"2":{"start":{"line":3,"column":0},"end":{"line":3,"column":30}},"3":{"start":{"line":5,"column":0},"end":{"line":14,"column":2}},"4":{"start":{"line":7,"column":4},"end":{"line":12,"column":7}},"5":{"start":{"line":8,"column":8},"end":{"line":8,"column":35}},"6":{"start":{"line":9,"column":8},"end":{"line":9,"column":79}},"7":{"start":{"line":10,"column":8},"end":{"line":10,"column":35}},"8":{"start":{"line":11,"column":8},"end":{"line":11,"column":26}},"9":{"start":{"line":13,"column":4},"end":{"line":13,"column":18}}},"branchMap":{}},"/Users/keerthanathangaraju/mergeChanges/SB4-MAYDAY/routes/welcome.js":{"path":"/Users/keerthanathangaraju/mergeChanges/SB4-MAYDAY/routes/welcome.js","s":{"1":1,"2":1,"3":1,"4":1,"5":1,"6":1,"7":1,"8":1,"9":4,"10":4,"11":4,"12":4,"13":1,"14":0,"15":0,"16":0,"17":0,"18":0,"19":0,"20":0,"21":0,"22":0,"23":0,"24":0,"25":0,"26":0,"27":0,"28":0,"29":0,"30":0,"31":0,"32":0,"33":0,"34":0,"35":0,"36":0,"37":0,"38":0,"39":0,"40":1,"41":0,"42":0,"43":0,"44":1,"45":0,"46":0,"47":0,"48":0,"49":0,"50":0,"51":0,"52":0,"53":0,"54":0,"55":0,"56":0,"57":0,"58":0,"59":0,"60":0,"61":0,"62":0,"63":0,"64":0,"65":0,"66":0,"67":0,"68":0,"69":0,"70":0,"71":0,"72":0,"73":0,"74":0,"75":0,"76":0,"77":0,"78":0,"79":0,"80":0,"81":0,"82":0,"83":0,"84":1,"85":0,"86":0,"87":0,"88":0,"89":0,"90":0,"91":0,"92":1,"93":0,"94":1},"b":{"1":[0,0],"2":[0,0],"3":[0,0],"4":[0,0],"5":[0,0],"6":[0,0],"7":[0,0],"8":[0,0],"9":[0,0],"10":[0,0],"11":[0,0,0],"12":[0,0],"13":[0,0],"14":[0,0],"15":[0,0],"16":[0,0],"17":[0,0],"18":[0,0],"19":[0,0],"20":[0,0],"21":[0,0]},"f":{"1":1,"2":1,"3":0,"4":0,"5":0,"6":0,"7":0,"8":0,"9":0,"10":0,"11":0,"12":0,"13":0,"14":0,"15":0},"fnMap":{"1":{"name":"(anonymous_1)","line":11,"loc":{"start":{"line":11,"column":17},"end":{"line":11,"column":30}}},"2":{"name":"(anonymous_2)","line":12,"loc":{"start":{"line":12,"column":34},"end":{"line":12,"column":51}}},"3":{"name":"(anonymous_3)","line":20,"loc":{"start":{"line":20,"column":13},"end":{"line":20,"column":24}}},"4":{"name":"(anonymous_4)","line":25,"loc":{"start":{"line":25,"column":20},"end":{"line":25,"column":37}}},"5":{"name":"(anonymous_5)","line":44,"loc":{"start":{"line":44,"column":36},"end":{"line":44,"column":47}}},"6":{"name":"(anonymous_6)","line":66,"loc":{"start":{"line":66,"column":21},"end":{"line":66,"column":46}}},"7":{"name":"(anonymous_7)","line":86,"loc":{"start":{"line":86,"column":26},"end":{"line":86,"column":51}}},"8":{"name":"(anonymous_8)","line":125,"loc":{"start":{"line":125,"column":58},"end":{"line":125,"column":73}}},"9":{"name":"(anonymous_9)","line":130,"loc":{"start":{"line":130,"column":60},"end":{"line":130,"column":75}}},"10":{"name":"(anonymous_10)","line":151,"loc":{"start":{"line":151,"column":22},"end":{"line":151,"column":42}}},"11":{"name":"(anonymous_11)","line":157,"loc":{"start":{"line":157,"column":25},"end":{"line":157,"column":37}}},"12":{"name":"(anonymous_12)","line":167,"loc":{"start":{"line":167,"column":22},"end":{"line":167,"column":38}}},"13":{"name":"(anonymous_13)","line":174,"loc":{"start":{"line":174,"column":25},"end":{"line":174,"column":37}}},"14":{"name":"getDistanceFromLatLonInKm","line":179,"loc":{"start":{"line":179,"column":0},"end":{"line":179,"column":59}}},"15":{"name":"deg2rad","line":194,"loc":{"start":{"line":194,"column":0},"end":{"line":194,"column":22}}}},"statementMap":{"1":{"start":{"line":6,"column":0},"end":{"line":6,"column":33}},"2":{"start":{"line":7,"column":0},"end":{"line":7,"column":30}},"3":{"start":{"line":8,"column":0},"end":{"line":8,"column":34}},"4":{"start":{"line":9,"column":0},"end":{"line":9,"column":32}},"5":{"start":{"line":10,"column":0},"end":{"line":10,"column":68}},"6":{"start":{"line":11,"column":0},"end":{"line":202,"column":2}},"7":{"start":{"line":12,"column":4},"end":{"line":21,"column":7}},"8":{"start":{"line":13,"column":4},"end":{"line":18,"column":5}},"9":{"start":{"line":14,"column":8},"end":{"line":14,"column":56}},"10":{"start":{"line":15,"column":8},"end":{"line":15,"column":66}},"11":{"start":{"line":16,"column":8},"end":{"line":16,"column":72}},"12":{"start":{"line":17,"column":8},"end":{"line":17,"column":62}},"13":{"start":{"line":25,"column":0},"end":{"line":64,"column":11}},"14":{"start":{"line":26,"column":12},"end":{"line":42,"column":15}},"15":{"start":{"line":27,"column":13},"end":{"line":39,"column":15}},"16":{"start":{"line":28,"column":16},"end":{"line":28,"column":63}},"17":{"start":{"line":29,"column":16},"end":{"line":29,"column":30}},"18":{"start":{"line":30,"column":16},"end":{"line":30,"column":55}},"19":{"start":{"line":31,"column":16},"end":{"line":31,"column":32}},"20":{"start":{"line":32,"column":16},"end":{"line":36,"column":17}},"21":{"start":{"line":33,"column":20},"end":{"line":33,"column":48}},"22":{"start":{"line":34,"column":20},"end":{"line":35,"column":40}},"23":{"start":{"line":35,"column":24},"end":{"line":35,"column":40}},"24":{"start":{"line":37,"column":16},"end":{"line":37,"column":56}},"25":{"start":{"line":38,"column":16},"end":{"line":38,"column":48}},"26":{"start":{"line":41,"column":18},"end":{"line":41,"column":40}},"27":{"start":{"line":44,"column":12},"end":{"line":63,"column":15}},"28":{"start":{"line":45,"column":16},"end":{"line":62,"column":11}},"29":{"start":{"line":46,"column":16},"end":{"line":46,"column":30}},"30":{"start":{"line":47,"column":16},"end":{"line":47,"column":43}},"31":{"start":{"line":48,"column":16},"end":{"line":48,"column":32}},"32":{"start":{"line":49,"column":16},"end":{"line":49,"column":32}},"33":{"start":{"line":50,"column":16},"end":{"line":58,"column":11}},"34":{"start":{"line":51,"column":16},"end":{"line":57,"column":15}},"35":{"start":{"line":53,"column":16},"end":{"line":56,"column":17}},"36":{"start":{"line":54,"column":18},"end":{"line":54,"column":79}},"37":{"start":{"line":59,"column":14},"end":{"line":59,"column":38}},"38":{"start":{"line":60,"column":14},"end":{"line":60,"column":54}},"39":{"start":{"line":61,"column":14},"end":{"line":61,"column":49}},"40":{"start":{"line":66,"column":0},"end":{"line":83,"column":3}},"41":{"start":{"line":67,"column":4},"end":{"line":82,"column":5}},"42":{"start":{"line":70,"column":8},"end":{"line":75,"column":11}},"43":{"start":{"line":77,"column":8},"end":{"line":81,"column":11}},"44":{"start":{"line":86,"column":0},"end":{"line":177,"column":3}},"45":{"start":{"line":87,"column":4},"end":{"line":87,"column":64}},"46":{"start":{"line":89,"column":4},"end":{"line":95,"column":5}},"47":{"start":{"line":90,"column":8},"end":{"line":94,"column":11}},"48":{"start":{"line":96,"column":4},"end":{"line":97,"column":70}},"49":{"start":{"line":97,"column":8},"end":{"line":97,"column":70}},"50":{"start":{"line":98,"column":4},"end":{"line":98,"column":39}},"51":{"start":{"line":100,"column":4},"end":{"line":103,"column":6}},"52":{"start":{"line":106,"column":4},"end":{"line":106,"column":28}},"53":{"start":{"line":107,"column":4},"end":{"line":107,"column":39}},"54":{"start":{"line":108,"column":4},"end":{"line":108,"column":40}},"55":{"start":{"line":109,"column":4},"end":{"line":109,"column":23}},"56":{"start":{"line":110,"column":4},"end":{"line":110,"column":24}},"57":{"start":{"line":111,"column":4},"end":{"line":117,"column":5}},"58":{"start":{"line":112,"column":8},"end":{"line":116,"column":9}},"59":{"start":{"line":113,"column":12},"end":{"line":113,"column":47}},"60":{"start":{"line":114,"column":12},"end":{"line":114,"column":48}},"61":{"start":{"line":115,"column":12},"end":{"line":115,"column":81}},"62":{"start":{"line":118,"column":4},"end":{"line":124,"column":5}},"63":{"start":{"line":119,"column":8},"end":{"line":123,"column":9}},"64":{"start":{"line":120,"column":12},"end":{"line":120,"column":48}},"65":{"start":{"line":121,"column":12},"end":{"line":121,"column":49}},"66":{"start":{"line":122,"column":12},"end":{"line":122,"column":82}},"67":{"start":{"line":125,"column":4},"end":{"line":127,"column":7}},"68":{"start":{"line":126,"column":8},"end":{"line":126,"column":43}},"69":{"start":{"line":128,"column":4},"end":{"line":128,"column":36}},"70":{"start":{"line":129,"column":4},"end":{"line":129,"column":41}},"71":{"start":{"line":130,"column":4},"end":{"line":132,"column":7}},"72":{"start":{"line":131,"column":8},"end":{"line":131,"column":45}},"73":{"start":{"line":133,"column":4},"end":{"line":176,"column":5}},"74":{"start":{"line":134,"column":8},"end":{"line":146,"column":11}},"75":{"start":{"line":147,"column":11},"end":{"line":176,"column":5}},"76":{"start":{"line":148,"column":8},"end":{"line":148,"column":24}},"77":{"start":{"line":150,"column":8},"end":{"line":162,"column":11}},"78":{"start":{"line":152,"column":20},"end":{"line":156,"column":15}},"79":{"start":{"line":158,"column":12},"end":{"line":161,"column":15}},"80":{"start":{"line":163,"column":10},"end":{"line":176,"column":5}},"81":{"start":{"line":164,"column":8},"end":{"line":164,"column":24}},"82":{"start":{"line":166,"column":8},"end":{"line":175,"column":11}},"83":{"start":{"line":168,"column":20},"end":{"line":173,"column":15}},"84":{"start":{"line":179,"column":0},"end":{"line":192,"column":1}},"85":{"start":{"line":180,"column":4},"end":{"line":180,"column":17}},"86":{"start":{"line":181,"column":4},"end":{"line":181,"column":36}},"87":{"start":{"line":182,"column":4},"end":{"line":182,"column":36}},"88":{"start":{"line":183,"column":4},"end":{"line":187,"column":13}},"89":{"start":{"line":188,"column":4},"end":{"line":188,"column":59}},"90":{"start":{"line":189,"column":4},"end":{"line":189,"column":25}},"91":{"start":{"line":191,"column":4},"end":{"line":191,"column":25}},"92":{"start":{"line":194,"column":0},"end":{"line":196,"column":1}},"93":{"start":{"line":195,"column":4},"end":{"line":195,"column":33}},"94":{"start":{"line":200,"column":4},"end":{"line":200,"column":18}}},"branchMap":{"1":{"line":26,"type":"if","locations":[{"start":{"line":26,"column":12},"end":{"line":26,"column":12}},{"start":{"line":26,"column":12},"end":{"line":26,"column":12}}]},"2":{"line":26,"type":"binary-expr","locations":[{"start":{"line":26,"column":15},"end":{"line":26,"column":66}},{"start":{"line":26,"column":70},"end":{"line":26,"column":112}}]},"3":{"line":27,"type":"if","locations":[{"start":{"line":27,"column":13},"end":{"line":27,"column":13}},{"start":{"line":27,"column":13},"end":{"line":27,"column":13}}]},"4":{"line":34,"type":"if","locations":[{"start":{"line":34,"column":20},"end":{"line":34,"column":20}},{"start":{"line":34,"column":20},"end":{"line":34,"column":20}}]},"5":{"line":34,"type":"binary-expr","locations":[{"start":{"line":34,"column":24},"end":{"line":34,"column":41}},{"start":{"line":34,"column":45},"end":{"line":34,"column":55}}]},"6":{"line":45,"type":"if","locations":[{"start":{"line":45,"column":16},"end":{"line":45,"column":16}},{"start":{"line":45,"column":16},"end":{"line":45,"column":16}}]},"7":{"line":50,"type":"if","locations":[{"start":{"line":50,"column":16},"end":{"line":50,"column":16}},{"start":{"line":50,"column":16},"end":{"line":50,"column":16}}]},"8":{"line":53,"type":"if","locations":[{"start":{"line":53,"column":16},"end":{"line":53,"column":16}},{"start":{"line":53,"column":16},"end":{"line":53,"column":16}}]},"9":{"line":53,"type":"binary-expr","locations":[{"start":{"line":53,"column":20},"end":{"line":53,"column":51}},{"start":{"line":53,"column":55},"end":{"line":53,"column":79}}]},"10":{"line":67,"type":"if","locations":[{"start":{"line":67,"column":4},"end":{"line":67,"column":4}},{"start":{"line":67,"column":4},"end":{"line":67,"column":4}}]},"11":{"line":67,"type":"binary-expr","locations":[{"start":{"line":67,"column":8},"end":{"line":67,"column":23}},{"start":{"line":67,"column":28},"end":{"line":67,"column":67}},{"start":{"line":67,"column":71},"end":{"line":67,"column":101}}]},"12":{"line":89,"type":"if","locations":[{"start":{"line":89,"column":4},"end":{"line":89,"column":4}},{"start":{"line":89,"column":4},"end":{"line":89,"column":4}}]},"13":{"line":89,"type":"binary-expr","locations":[{"start":{"line":89,"column":8},"end":{"line":89,"column":33}},{"start":{"line":89,"column":37},"end":{"line":89,"column":67}}]},"14":{"line":96,"type":"if","locations":[{"start":{"line":96,"column":4},"end":{"line":96,"column":4}},{"start":{"line":96,"column":4},"end":{"line":96,"column":4}}]},"15":{"line":96,"type":"binary-expr","locations":[{"start":{"line":96,"column":8},"end":{"line":96,"column":47}},{"start":{"line":96,"column":51},"end":{"line":96,"column":95}}]},"16":{"line":112,"type":"if","locations":[{"start":{"line":112,"column":8},"end":{"line":112,"column":8}},{"start":{"line":112,"column":8},"end":{"line":112,"column":8}}]},"17":{"line":119,"type":"if","locations":[{"start":{"line":119,"column":8},"end":{"line":119,"column":8}},{"start":{"line":119,"column":8},"end":{"line":119,"column":8}}]},"18":{"line":133,"type":"if","locations":[{"start":{"line":133,"column":4},"end":{"line":133,"column":4}},{"start":{"line":133,"column":4},"end":{"line":133,"column":4}}]},"19":{"line":133,"type":"binary-expr","locations":[{"start":{"line":133,"column":8},"end":{"line":133,"column":36}},{"start":{"line":133,"column":40},"end":{"line":133,"column":65}}]},"20":{"line":147,"type":"if","locations":[{"start":{"line":147,"column":11},"end":{"line":147,"column":11}},{"start":{"line":147,"column":11},"end":{"line":147,"column":11}}]},"21":{"line":163,"type":"if","locations":[{"start":{"line":163,"column":10},"end":{"line":163,"column":10}},{"start":{"line":163,"column":10},"end":{"line":163,"column":10}}]}}},"/Users/keerthanathangaraju/mergeChanges/SB4-MAYDAY/routes/announcement.js":{"path":"/Users/keerthanathangaraju/mergeChanges/SB4-MAYDAY/routes/announcement.js","s":{"1":1,"2":1,"3":1,"4":1,"5":1,"6":1,"7":1,"8":1,"9":1,"10":0,"11":1,"12":1,"13":1,"14":0,"15":1},"b":{},"f":{"1":1,"2":1,"3":1,"4":0,"5":1,"6":1,"7":0},"fnMap":{"1":{"name":"(anonymous_1)","line":9,"loc":{"start":{"line":9,"column":17},"end":{"line":9,"column":30}}},"2":{"name":"(anonymous_2)","line":11,"loc":{"start":{"line":11,"column":33},"end":{"line":11,"column":52}}},"3":{"name":"(anonymous_3)","line":13,"loc":{"start":{"line":13,"column":18},"end":{"line":13,"column":42}}},"4":{"name":"(anonymous_4)","line":19,"loc":{"start":{"line":19,"column":21},"end":{"line":19,"column":32}}},"5":{"name":"(anonymous_5)","line":27,"loc":{"start":{"line":27,"column":30},"end":{"line":27,"column":49}}},"6":{"name":"(anonymous_6)","line":29,"loc":{"start":{"line":29,"column":18},"end":{"line":29,"column":42}}},"7":{"name":"(anonymous_7)","line":35,"loc":{"start":{"line":35,"column":21},"end":{"line":35,"column":32}}}},"statementMap":{"1":{"start":{"line":4,"column":0},"end":{"line":4,"column":33}},"2":{"start":{"line":5,"column":0},"end":{"line":5,"column":30}},"3":{"start":{"line":6,"column":0},"end":{"line":6,"column":40}},"4":{"start":{"line":7,"column":0},"end":{"line":7,"column":34}},"5":{"start":{"line":9,"column":0},"end":{"line":44,"column":2}},"6":{"start":{"line":11,"column":4},"end":{"line":24,"column":7}},"7":{"start":{"line":12,"column":8},"end":{"line":23,"column":15}},"8":{"start":{"line":14,"column":16},"end":{"line":14,"column":60}},"9":{"start":{"line":15,"column":16},"end":{"line":18,"column":19}},"10":{"start":{"line":20,"column":16},"end":{"line":22,"column":19}},"11":{"start":{"line":27,"column":4},"end":{"line":40,"column":7}},"12":{"start":{"line":28,"column":8},"end":{"line":39,"column":15}},"13":{"start":{"line":30,"column":16},"end":{"line":34,"column":19}},"14":{"start":{"line":36,"column":16},"end":{"line":38,"column":19}},"15":{"start":{"line":43,"column":4},"end":{"line":43,"column":18}}},"branchMap":{}},"/Users/keerthanathangaraju/mergeChanges/SB4-MAYDAY/routes/users.js":{"path":"/Users/keerthanathangaraju/mergeChanges/SB4-MAYDAY/routes/users.js","s":{"1":1,"2":1,"3":1,"4":1,"5":1,"6":1,"7":0,"8":1,"9":1,"10":1,"11":0,"12":0,"13":1,"14":1,"15":0,"16":1,"17":0,"18":0,"19":0,"20":0,"21":1,"22":1,"23":1,"24":1,"25":1,"26":1,"27":1,"28":1,"29":1,"30":1,"31":1,"32":1,"33":1,"34":0,"35":0,"36":0,"37":1,"38":0,"39":1,"40":1,"41":0,"42":1,"43":1,"44":0,"45":0,"46":1,"47":0,"48":0,"49":0,"50":0,"51":0,"52":0,"53":1,"54":0,"55":0,"56":0,"57":0,"58":0,"59":1,"60":0,"61":0,"62":0,"63":0,"64":0,"65":0,"66":0,"67":0,"68":0,"69":1},"b":{"1":[0,0],"2":[0,0],"3":[1,0],"4":[1,1,1],"5":[0,1],"6":[0,1],"7":[1,1],"8":[0,0],"9":[0,1],"10":[0,1],"11":[0,0],"12":[0,0,0],"13":[0,0],"14":[0,0,0],"15":[0,0]},"f":{"1":1,"2":0,"3":1,"4":0,"5":0,"6":1,"7":1,"8":1,"9":1,"10":0,"11":0,"12":0,"13":0,"14":0,"15":0},"fnMap":{"1":{"name":"(anonymous_1)","line":13,"loc":{"start":{"line":13,"column":17},"end":{"line":13,"column":30}}},"2":{"name":"(anonymous_2)","line":14,"loc":{"start":{"line":14,"column":20},"end":{"line":14,"column":45}}},"3":{"name":"(anonymous_3)","line":17,"loc":{"start":{"line":17,"column":31},"end":{"line":17,"column":50}}},"4":{"name":"(anonymous_4)","line":32,"loc":{"start":{"line":32,"column":29},"end":{"line":32,"column":54}}},"5":{"name":"(anonymous_5)","line":43,"loc":{"start":{"line":43,"column":28},"end":{"line":43,"column":53}}},"6":{"name":"(anonymous_6)","line":56,"loc":{"start":{"line":56,"column":26},"end":{"line":56,"column":51}}},"7":{"name":"(anonymous_7)","line":69,"loc":{"start":{"line":69,"column":31},"end":{"line":69,"column":50}}},"8":{"name":"(anonymous_8)","line":77,"loc":{"start":{"line":77,"column":11},"end":{"line":77,"column":26}}},"9":{"name":"(anonymous_9)","line":80,"loc":{"start":{"line":80,"column":18},"end":{"line":80,"column":33}}},"10":{"name":"(anonymous_10)","line":103,"loc":{"start":{"line":103,"column":13},"end":{"line":103,"column":25}}},"11":{"name":"(anonymous_11)","line":116,"loc":{"start":{"line":116,"column":39},"end":{"line":116,"column":58}}},"12":{"name":"(anonymous_12)","line":120,"loc":{"start":{"line":120,"column":22},"end":{"line":120,"column":40}}},"13":{"name":"(anonymous_13)","line":124,"loc":{"start":{"line":124,"column":25},"end":{"line":124,"column":37}}},"14":{"name":"(anonymous_14)","line":133,"loc":{"start":{"line":133,"column":44},"end":{"line":133,"column":63}}},"15":{"name":"(anonymous_15)","line":143,"loc":{"start":{"line":143,"column":55},"end":{"line":143,"column":74}}}},"statementMap":{"1":{"start":{"line":7,"column":0},"end":{"line":7,"column":33}},"2":{"start":{"line":8,"column":0},"end":{"line":8,"column":30}},"3":{"start":{"line":9,"column":0},"end":{"line":9,"column":34}},"4":{"start":{"line":10,"column":0},"end":{"line":10,"column":32}},"5":{"start":{"line":13,"column":0},"end":{"line":164,"column":2}},"6":{"start":{"line":14,"column":4},"end":{"line":16,"column":7}},"7":{"start":{"line":15,"column":6},"end":{"line":15,"column":35}},"8":{"start":{"line":17,"column":4},"end":{"line":30,"column":7}},"9":{"start":{"line":18,"column":8},"end":{"line":18,"column":24}},"10":{"start":{"line":19,"column":8},"end":{"line":24,"column":9}},"11":{"start":{"line":21,"column":12},"end":{"line":23,"column":13}},"12":{"start":{"line":22,"column":16},"end":{"line":22,"column":77}},"13":{"start":{"line":25,"column":8},"end":{"line":29,"column":7}},"14":{"start":{"line":32,"column":8},"end":{"line":41,"column":3}},"15":{"start":{"line":34,"column":4},"end":{"line":40,"column":7}},"16":{"start":{"line":43,"column":0},"end":{"line":54,"column":3}},"17":{"start":{"line":45,"column":4},"end":{"line":45,"column":75}},"18":{"start":{"line":46,"column":4},"end":{"line":46,"column":31}},"19":{"start":{"line":47,"column":4},"end":{"line":47,"column":29}},"20":{"start":{"line":48,"column":4},"end":{"line":53,"column":7}},"21":{"start":{"line":56,"column":0},"end":{"line":65,"column":3}},"22":{"start":{"line":58,"column":4},"end":{"line":58,"column":31}},"23":{"start":{"line":59,"column":4},"end":{"line":64,"column":7}},"24":{"start":{"line":69,"column":0},"end":{"line":113,"column":3}},"25":{"start":{"line":70,"column":4},"end":{"line":70,"column":29}},"26":{"start":{"line":71,"column":4},"end":{"line":71,"column":40}},"27":{"start":{"line":72,"column":4},"end":{"line":72,"column":51}},"28":{"start":{"line":73,"column":4},"end":{"line":112,"column":1}},"29":{"start":{"line":74,"column":4},"end":{"line":107,"column":7}},"30":{"start":{"line":78,"column":8},"end":{"line":78,"column":71}},"31":{"start":{"line":79,"column":8},"end":{"line":101,"column":15}},"32":{"start":{"line":81,"column":8},"end":{"line":81,"column":29}},"33":{"start":{"line":82,"column":8},"end":{"line":90,"column":9}},"34":{"start":{"line":83,"column":12},"end":{"line":84,"column":47}},"35":{"start":{"line":84,"column":12},"end":{"line":84,"column":47}},"36":{"start":{"line":85,"column":12},"end":{"line":85,"column":52}},"37":{"start":{"line":87,"column":12},"end":{"line":88,"column":48}},"38":{"start":{"line":88,"column":12},"end":{"line":88,"column":48}},"39":{"start":{"line":89,"column":12},"end":{"line":89,"column":53}},"40":{"start":{"line":91,"column":8},"end":{"line":92,"column":46}},"41":{"start":{"line":92,"column":12},"end":{"line":92,"column":46}},"42":{"start":{"line":93,"column":8},"end":{"line":93,"column":47}},"43":{"start":{"line":95,"column":8},"end":{"line":100,"column":11}},"44":{"start":{"line":104,"column":8},"end":{"line":106,"column":11}},"45":{"start":{"line":109,"column":4},"end":{"line":111,"column":11}},"46":{"start":{"line":116,"column":4},"end":{"line":132,"column":7}},"47":{"start":{"line":117,"column":8},"end":{"line":117,"column":35}},"48":{"start":{"line":118,"column":8},"end":{"line":118,"column":23}},"49":{"start":{"line":119,"column":8},"end":{"line":126,"column":11}},"50":{"start":{"line":121,"column":20},"end":{"line":121,"column":64}},"51":{"start":{"line":122,"column":20},"end":{"line":122,"column":44}},"52":{"start":{"line":127,"column":8},"end":{"line":131,"column":11}},"53":{"start":{"line":133,"column":4},"end":{"line":141,"column":7}},"54":{"start":{"line":134,"column":6},"end":{"line":140,"column":9}},"55":{"start":{"line":135,"column":10},"end":{"line":135,"column":46}},"56":{"start":{"line":136,"column":10},"end":{"line":136,"column":40}},"57":{"start":{"line":137,"column":10},"end":{"line":139,"column":11}},"58":{"start":{"line":138,"column":12},"end":{"line":138,"column":96}},"59":{"start":{"line":143,"column":4},"end":{"line":157,"column":7}},"60":{"start":{"line":144,"column":6},"end":{"line":156,"column":9}},"61":{"start":{"line":145,"column":10},"end":{"line":145,"column":46}},"62":{"start":{"line":146,"column":10},"end":{"line":146,"column":40}},"63":{"start":{"line":147,"column":10},"end":{"line":155,"column":11}},"64":{"start":{"line":148,"column":12},"end":{"line":148,"column":27}},"65":{"start":{"line":149,"column":12},"end":{"line":153,"column":13}},"66":{"start":{"line":150,"column":14},"end":{"line":150,"column":98}},"67":{"start":{"line":152,"column":14},"end":{"line":152,"column":97}},"68":{"start":{"line":154,"column":12},"end":{"line":154,"column":60}},"69":{"start":{"line":162,"column":4},"end":{"line":162,"column":18}}},"branchMap":{"1":{"line":21,"type":"if","locations":[{"start":{"line":21,"column":12},"end":{"line":21,"column":12}},{"start":{"line":21,"column":12},"end":{"line":21,"column":12}}]},"2":{"line":21,"type":"binary-expr","locations":[{"start":{"line":21,"column":16},"end":{"line":21,"column":47}},{"start":{"line":21,"column":51},"end":{"line":21,"column":75}}]},"3":{"line":73,"type":"if","locations":[{"start":{"line":73,"column":4},"end":{"line":73,"column":4}},{"start":{"line":73,"column":4},"end":{"line":73,"column":4}}]},"4":{"line":73,"type":"binary-expr","locations":[{"start":{"line":73,"column":7},"end":{"line":73,"column":45}},{"start":{"line":73,"column":49},"end":{"line":73,"column":88}},{"start":{"line":73,"column":92},"end":{"line":73,"column":131}}]},"5":{"line":78,"type":"cond-expr","locations":[{"start":{"line":78,"column":37},"end":{"line":78,"column":53}},{"start":{"line":78,"column":56},"end":{"line":78,"column":70}}]},"6":{"line":82,"type":"if","locations":[{"start":{"line":82,"column":8},"end":{"line":82,"column":8}},{"start":{"line":82,"column":8},"end":{"line":82,"column":8}}]},"7":{"line":82,"type":"binary-expr","locations":[{"start":{"line":82,"column":11},"end":{"line":82,"column":47}},{"start":{"line":82,"column":51},"end":{"line":82,"column":78}}]},"8":{"line":83,"type":"if","locations":[{"start":{"line":83,"column":12},"end":{"line":83,"column":12}},{"start":{"line":83,"column":12},"end":{"line":83,"column":12}}]},"9":{"line":87,"type":"if","locations":[{"start":{"line":87,"column":12},"end":{"line":87,"column":12}},{"start":{"line":87,"column":12},"end":{"line":87,"column":12}}]},"10":{"line":91,"type":"if","locations":[{"start":{"line":91,"column":8},"end":{"line":91,"column":8}},{"start":{"line":91,"column":8},"end":{"line":91,"column":8}}]},"11":{"line":137,"type":"if","locations":[{"start":{"line":137,"column":10},"end":{"line":137,"column":10}},{"start":{"line":137,"column":10},"end":{"line":137,"column":10}}]},"12":{"line":137,"type":"binary-expr","locations":[{"start":{"line":137,"column":14},"end":{"line":137,"column":31}},{"start":{"line":137,"column":35},"end":{"line":137,"column":45}},{"start":{"line":137,"column":49},"end":{"line":137,"column":73}}]},"13":{"line":147,"type":"if","locations":[{"start":{"line":147,"column":10},"end":{"line":147,"column":10}},{"start":{"line":147,"column":10},"end":{"line":147,"column":10}}]},"14":{"line":147,"type":"binary-expr","locations":[{"start":{"line":147,"column":14},"end":{"line":147,"column":31}},{"start":{"line":147,"column":35},"end":{"line":147,"column":45}},{"start":{"line":147,"column":49},"end":{"line":147,"column":76}}]},"15":{"line":149,"type":"if","locations":[{"start":{"line":149,"column":12},"end":{"line":149,"column":12}},{"start":{"line":149,"column":12},"end":{"line":149,"column":12}}]}}},"/Users/keerthanathangaraju/mergeChanges/SB4-MAYDAY/routes/performance.js":{"path":"/Users/keerthanathangaraju/mergeChanges/SB4-MAYDAY/routes/performance.js","s":{"1":1,"2":1,"3":1,"4":1,"5":1,"6":1,"7":1,"8":1,"9":0,"10":0,"11":1,"12":0,"13":0,"14":1,"15":1,"16":1,"17":1,"18":1,"19":0,"20":1,"21":0,"22":0,"23":0,"24":0,"25":0,"26":1,"27":0,"28":0,"29":1},"b":{"1":[0,1]},"f":{"1":1,"2":0,"3":0,"4":0,"5":1,"6":1,"7":1,"8":0,"9":0,"10":0,"11":0,"12":0},"fnMap":{"1":{"name":"(anonymous_1)","line":10,"loc":{"start":{"line":10,"column":30},"end":{"line":10,"column":49}}},"2":{"name":"(anonymous_2)","line":21,"loc":{"start":{"line":21,"column":18},"end":{"line":21,"column":37}}},"3":{"name":"(anonymous_3)","line":23,"loc":{"start":{"line":23,"column":21},"end":{"line":23,"column":33}}},"4":{"name":"(anonymous_4)","line":34,"loc":{"start":{"line":34,"column":14},"end":{"line":34,"column":32}}},"5":{"name":"(anonymous_5)","line":42,"loc":{"start":{"line":42,"column":17},"end":{"line":42,"column":29}}},"6":{"name":"(anonymous_6)","line":49,"loc":{"start":{"line":49,"column":29},"end":{"line":49,"column":48}}},"7":{"name":"(anonymous_7)","line":52,"loc":{"start":{"line":52,"column":14},"end":{"line":52,"column":33}}},"8":{"name":"(anonymous_8)","line":58,"loc":{"start":{"line":58,"column":17},"end":{"line":58,"column":29}}},"9":{"name":"(anonymous_9)","line":65,"loc":{"start":{"line":65,"column":28},"end":{"line":65,"column":47}}},"10":{"name":"(anonymous_10)","line":76,"loc":{"start":{"line":76,"column":14},"end":{"line":76,"column":33}}},"11":{"name":"(anonymous_11)","line":78,"loc":{"start":{"line":78,"column":17},"end":{"line":78,"column":29}}},"12":{"name":"(anonymous_12)","line":87,"loc":{"start":{"line":87,"column":27},"end":{"line":87,"column":46}}}},"statementMap":{"1":{"start":{"line":3,"column":0},"end":{"line":3,"column":33}},"2":{"start":{"line":4,"column":0},"end":{"line":4,"column":30}},"3":{"start":{"line":5,"column":0},"end":{"line":5,"column":34}},"4":{"start":{"line":8,"column":0},"end":{"line":8,"column":20}},"5":{"start":{"line":10,"column":0},"end":{"line":47,"column":3}},"6":{"start":{"line":11,"column":4},"end":{"line":11,"column":29}},"7":{"start":{"line":12,"column":4},"end":{"line":12,"column":31}},"8":{"start":{"line":13,"column":4},"end":{"line":29,"column":5}},"9":{"start":{"line":14,"column":8},"end":{"line":24,"column":15}},"10":{"start":{"line":26,"column":8},"end":{"line":26,"column":24}},"11":{"start":{"line":30,"column":4},"end":{"line":46,"column":11}},"12":{"start":{"line":35,"column":12},"end":{"line":35,"column":26}},"13":{"start":{"line":36,"column":12},"end":{"line":40,"column":15}},"14":{"start":{"line":43,"column":12},"end":{"line":45,"column":15}},"15":{"start":{"line":49,"column":0},"end":{"line":63,"column":3}},"16":{"start":{"line":50,"column":4},"end":{"line":50,"column":20}},"17":{"start":{"line":51,"column":4},"end":{"line":62,"column":11}},"18":{"start":{"line":53,"column":12},"end":{"line":57,"column":15}},"19":{"start":{"line":59,"column":12},"end":{"line":61,"column":15}},"20":{"start":{"line":65,"column":0},"end":{"line":85,"column":3}},"21":{"start":{"line":66,"column":4},"end":{"line":66,"column":24}},"22":{"start":{"line":67,"column":4},"end":{"line":67,"column":21}},"23":{"start":{"line":68,"column":4},"end":{"line":68,"column":20}},"24":{"start":{"line":69,"column":4},"end":{"line":79,"column":11}},"25":{"start":{"line":82,"column":4},"end":{"line":84,"column":7}},"26":{"start":{"line":87,"column":0},"end":{"line":92,"column":3}},"27":{"start":{"line":88,"column":4},"end":{"line":88,"column":31}},"28":{"start":{"line":89,"column":4},"end":{"line":91,"column":7}},"29":{"start":{"line":93,"column":0},"end":{"line":93,"column":24}}},"branchMap":{"1":{"line":13,"type":"if","locations":[{"start":{"line":13,"column":4},"end":{"line":13,"column":4}},{"start":{"line":13,"column":4},"end":{"line":13,"column":4}}]}}},"/Users/keerthanathangaraju/mergeChanges/SB4-MAYDAY/routes/search.js":{"path":"/Users/keerthanathangaraju/mergeChanges/SB4-MAYDAY/routes/search.js","s":{"1":1,"2":1,"3":1,"4":1,"5":1,"6":0,"7":1,"8":1,"9":1,"10":1,"11":1,"12":0,"13":0,"14":1,"15":1,"16":1,"17":1,"18":0,"19":1,"20":0,"21":1,"22":1,"23":1,"24":1,"25":0,"26":1,"27":0,"28":1,"29":1,"30":1,"31":1,"32":1,"33":1,"34":0,"35":0,"36":0,"37":1,"38":3,"39":0,"40":0,"41":0,"42":1,"43":1,"44":0,"45":1,"46":1,"47":1,"48":1,"49":1,"50":1,"51":0,"52":0,"53":0,"54":1,"55":3,"56":0,"57":0,"58":0,"59":1,"60":1,"61":1,"62":1,"63":0,"64":1,"65":1,"66":1,"67":1,"68":1,"69":1,"70":1,"71":0,"72":0,"73":1},"b":{"1":[1,0],"2":[0,1],"3":[0,1],"4":[0,1],"5":[0,3],"6":[1,0],"7":[1,1],"8":[0,1],"9":[0,3],"10":[1,0],"11":[1,0]},"f":{"1":0,"2":1,"3":1,"4":0,"5":1,"6":1,"7":0,"8":1,"9":1,"10":0,"11":1,"12":1,"13":1,"14":1,"15":0},"fnMap":{"1":{"name":"(anonymous_1)","line":10,"loc":{"start":{"line":10,"column":16},"end":{"line":10,"column":41}}},"2":{"name":"(anonymous_2)","line":14,"loc":{"start":{"line":14,"column":29},"end":{"line":14,"column":48}}},"3":{"name":"(anonymous_3)","line":23,"loc":{"start":{"line":23,"column":12},"end":{"line":23,"column":29}}},"4":{"name":"(anonymous_4)","line":45,"loc":{"start":{"line":45,"column":13},"end":{"line":45,"column":25}}},"5":{"name":"(anonymous_5)","line":55,"loc":{"start":{"line":55,"column":26},"end":{"line":55,"column":45}}},"6":{"name":"(anonymous_6)","line":65,"loc":{"start":{"line":65,"column":12},"end":{"line":65,"column":29}}},"7":{"name":"(anonymous_7)","line":86,"loc":{"start":{"line":86,"column":13},"end":{"line":86,"column":25}}},"8":{"name":"(anonymous_8)","line":96,"loc":{"start":{"line":96,"column":27},"end":{"line":96,"column":46}}},"9":{"name":"(anonymous_9)","line":106,"loc":{"start":{"line":106,"column":12},"end":{"line":106,"column":29}}},"10":{"name":"(anonymous_10)","line":130,"loc":{"start":{"line":130,"column":13},"end":{"line":130,"column":25}}},"11":{"name":"(anonymous_11)","line":138,"loc":{"start":{"line":138,"column":21},"end":{"line":138,"column":40}}},"12":{"name":"(anonymous_12)","line":184,"loc":{"start":{"line":184,"column":23},"end":{"line":184,"column":42}}},"13":{"name":"(anonymous_13)","line":236,"loc":{"start":{"line":236,"column":24},"end":{"line":236,"column":43}}},"14":{"name":"(anonymous_14)","line":253,"loc":{"start":{"line":253,"column":12},"end":{"line":253,"column":32}}},"15":{"name":"(anonymous_15)","line":266,"loc":{"start":{"line":266,"column":13},"end":{"line":266,"column":25}}}},"statementMap":{"1":{"start":{"line":6,"column":0},"end":{"line":6,"column":33}},"2":{"start":{"line":7,"column":0},"end":{"line":7,"column":30}},"3":{"start":{"line":8,"column":0},"end":{"line":8,"column":34}},"4":{"start":{"line":9,"column":0},"end":{"line":9,"column":32}},"5":{"start":{"line":10,"column":0},"end":{"line":12,"column":3}},"6":{"start":{"line":11,"column":4},"end":{"line":11,"column":25}},"7":{"start":{"line":14,"column":0},"end":{"line":52,"column":3}},"8":{"start":{"line":15,"column":4},"end":{"line":15,"column":43}},"9":{"start":{"line":17,"column":4},"end":{"line":50,"column":7}},"10":{"start":{"line":24,"column":8},"end":{"line":43,"column":5}},"11":{"start":{"line":25,"column":12},"end":{"line":28,"column":11}},"12":{"start":{"line":31,"column":8},"end":{"line":42,"column":11}},"13":{"start":{"line":46,"column":8},"end":{"line":49,"column":11}},"14":{"start":{"line":55,"column":0},"end":{"line":92,"column":3}},"15":{"start":{"line":57,"column":4},"end":{"line":57,"column":43}},"16":{"start":{"line":59,"column":4},"end":{"line":91,"column":7}},"17":{"start":{"line":66,"column":9},"end":{"line":85,"column":5}},"18":{"start":{"line":67,"column":12},"end":{"line":70,"column":11}},"19":{"start":{"line":73,"column":8},"end":{"line":84,"column":11}},"20":{"start":{"line":87,"column":8},"end":{"line":90,"column":11}},"21":{"start":{"line":96,"column":0},"end":{"line":136,"column":3}},"22":{"start":{"line":98,"column":4},"end":{"line":98,"column":43}},"23":{"start":{"line":100,"column":4},"end":{"line":135,"column":7}},"24":{"start":{"line":108,"column":9},"end":{"line":128,"column":5}},"25":{"start":{"line":109,"column":12},"end":{"line":112,"column":11}},"26":{"start":{"line":115,"column":8},"end":{"line":127,"column":11}},"27":{"start":{"line":131,"column":8},"end":{"line":134,"column":11}},"28":{"start":{"line":138,"column":0},"end":{"line":181,"column":3}},"29":{"start":{"line":139,"column":4},"end":{"line":139,"column":26}},"30":{"start":{"line":140,"column":4},"end":{"line":140,"column":27}},"31":{"start":{"line":141,"column":4},"end":{"line":141,"column":43}},"32":{"start":{"line":142,"column":4},"end":{"line":149,"column":5}},"33":{"start":{"line":143,"column":8},"end":{"line":148,"column":9}},"34":{"start":{"line":144,"column":12},"end":{"line":144,"column":47}},"35":{"start":{"line":145,"column":12},"end":{"line":145,"column":36}},"36":{"start":{"line":147,"column":12},"end":{"line":147,"column":40}},"37":{"start":{"line":151,"column":4},"end":{"line":158,"column":5}},"38":{"start":{"line":152,"column":8},"end":{"line":157,"column":9}},"39":{"start":{"line":153,"column":12},"end":{"line":153,"column":48}},"40":{"start":{"line":154,"column":12},"end":{"line":154,"column":36}},"41":{"start":{"line":156,"column":12},"end":{"line":156,"column":41}},"42":{"start":{"line":159,"column":4},"end":{"line":180,"column":5}},"43":{"start":{"line":160,"column":8},"end":{"line":163,"column":11}},"44":{"start":{"line":165,"column":8},"end":{"line":178,"column":11}},"45":{"start":{"line":184,"column":0},"end":{"line":233,"column":3}},"46":{"start":{"line":185,"column":4},"end":{"line":185,"column":26}},"47":{"start":{"line":186,"column":4},"end":{"line":186,"column":27}},"48":{"start":{"line":188,"column":4},"end":{"line":188,"column":43}},"49":{"start":{"line":190,"column":4},"end":{"line":197,"column":5}},"50":{"start":{"line":191,"column":8},"end":{"line":196,"column":9}},"51":{"start":{"line":192,"column":12},"end":{"line":192,"column":47}},"52":{"start":{"line":193,"column":12},"end":{"line":193,"column":36}},"53":{"start":{"line":195,"column":12},"end":{"line":195,"column":40}},"54":{"start":{"line":199,"column":4},"end":{"line":206,"column":5}},"55":{"start":{"line":200,"column":8},"end":{"line":205,"column":9}},"56":{"start":{"line":201,"column":12},"end":{"line":201,"column":48}},"57":{"start":{"line":202,"column":12},"end":{"line":202,"column":36}},"58":{"start":{"line":204,"column":12},"end":{"line":204,"column":41}},"59":{"start":{"line":208,"column":4},"end":{"line":208,"column":30}},"60":{"start":{"line":209,"column":4},"end":{"line":209,"column":31}},"61":{"start":{"line":212,"column":4},"end":{"line":232,"column":5}},"62":{"start":{"line":213,"column":8},"end":{"line":216,"column":11}},"63":{"start":{"line":218,"column":8},"end":{"line":231,"column":11}},"64":{"start":{"line":236,"column":0},"end":{"line":273,"column":3}},"65":{"start":{"line":237,"column":4},"end":{"line":237,"column":43}},"66":{"start":{"line":238,"column":4},"end":{"line":238,"column":35}},"67":{"start":{"line":239,"column":4},"end":{"line":239,"column":20}},"68":{"start":{"line":240,"column":4},"end":{"line":271,"column":7}},"69":{"start":{"line":254,"column":9},"end":{"line":265,"column":12}},"70":{"start":{"line":255,"column":12},"end":{"line":258,"column":11}},"71":{"start":{"line":261,"column":8},"end":{"line":265,"column":11}},"72":{"start":{"line":267,"column":8},"end":{"line":270,"column":11}},"73":{"start":{"line":275,"column":0},"end":{"line":275,"column":24}}},"branchMap":{"1":{"line":24,"type":"if","locations":[{"start":{"line":24,"column":8},"end":{"line":24,"column":8}},{"start":{"line":24,"column":8},"end":{"line":24,"column":8}}]},"2":{"line":66,"type":"if","locations":[{"start":{"line":66,"column":9},"end":{"line":66,"column":9}},{"start":{"line":66,"column":9},"end":{"line":66,"column":9}}]},"3":{"line":108,"type":"if","locations":[{"start":{"line":108,"column":9},"end":{"line":108,"column":9}},{"start":{"line":108,"column":9},"end":{"line":108,"column":9}}]},"4":{"line":143,"type":"if","locations":[{"start":{"line":143,"column":8},"end":{"line":143,"column":8}},{"start":{"line":143,"column":8},"end":{"line":143,"column":8}}]},"5":{"line":152,"type":"if","locations":[{"start":{"line":152,"column":8},"end":{"line":152,"column":8}},{"start":{"line":152,"column":8},"end":{"line":152,"column":8}}]},"6":{"line":159,"type":"if","locations":[{"start":{"line":159,"column":4},"end":{"line":159,"column":4}},{"start":{"line":159,"column":4},"end":{"line":159,"column":4}}]},"7":{"line":159,"type":"binary-expr","locations":[{"start":{"line":159,"column":8},"end":{"line":159,"column":33}},{"start":{"line":159,"column":37},"end":{"line":159,"column":63}}]},"8":{"line":191,"type":"if","locations":[{"start":{"line":191,"column":8},"end":{"line":191,"column":8}},{"start":{"line":191,"column":8},"end":{"line":191,"column":8}}]},"9":{"line":200,"type":"if","locations":[{"start":{"line":200,"column":8},"end":{"line":200,"column":8}},{"start":{"line":200,"column":8},"end":{"line":200,"column":8}}]},"10":{"line":212,"type":"if","locations":[{"start":{"line":212,"column":4},"end":{"line":212,"column":4}},{"start":{"line":212,"column":4},"end":{"line":212,"column":4}}]},"11":{"line":254,"type":"if","locations":[{"start":{"line":254,"column":9},"end":{"line":254,"column":9}},{"start":{"line":254,"column":9},"end":{"line":254,"column":9}}]}}},"/Users/keerthanathangaraju/mergeChanges/SB4-MAYDAY/routes/admin.js":{"path":"/Users/keerthanathangaraju/mergeChanges/SB4-MAYDAY/routes/admin.js","s":{"1":1,"2":1,"3":1,"4":1,"5":1,"6":1,"7":1,"8":1,"9":0,"10":1,"11":1,"12":0,"13":1,"14":1,"15":1,"16":1,"17":0,"18":1,"19":1,"20":1,"21":1,"22":1,"23":0,"24":0,"25":0,"26":0,"27":0,"28":0,"29":0,"30":0,"31":0,"32":1,"33":0,"34":1,"35":1,"36":1,"37":0,"38":1,"39":1,"40":1,"41":0,"42":1,"43":1,"44":1,"45":1,"46":1,"47":1,"48":1,"49":1,"50":1,"51":0,"52":0,"53":0,"54":0,"55":0,"56":0,"57":0,"58":0,"59":0,"60":1,"61":1,"62":0,"63":0,"64":1,"65":1,"66":0,"67":0,"68":1,"69":0,"70":0,"71":1,"72":1},"b":{"1":[0,1],"2":[0,1],"3":[0,1],"4":[1,1],"5":[0,0],"6":[0,0],"7":[0,0,0,0],"8":[0,0],"9":[0,1],"10":[1,0],"11":[0,1],"12":[1,0],"13":[1,0],"14":[1,0],"15":[0,1],"16":[1,1],"17":[0,0],"18":[0,0],"19":[0,0],"20":[0,0,0,0,0],"21":[0,0],"22":[1,0],"23":[1,0],"24":[0,0],"25":[1,0],"26":[1,0],"27":[0,0]},"f":{"1":1,"2":1,"3":1,"4":0,"5":1,"6":1,"7":1,"8":0,"9":1,"10":1,"11":1,"12":0},"fnMap":{"1":{"name":"(anonymous_1)","line":9,"loc":{"start":{"line":9,"column":17},"end":{"line":9,"column":30}}},"2":{"name":"(anonymous_2)","line":10,"loc":{"start":{"line":10,"column":27},"end":{"line":10,"column":46}}},"3":{"name":"(anonymous_3)","line":21,"loc":{"start":{"line":21,"column":18},"end":{"line":21,"column":34}}},"4":{"name":"(anonymous_4)","line":28,"loc":{"start":{"line":28,"column":21},"end":{"line":28,"column":33}}},"5":{"name":"(anonymous_5)","line":34,"loc":{"start":{"line":34,"column":32},"end":{"line":34,"column":51}}},"6":{"name":"(anonymous_6)","line":47,"loc":{"start":{"line":47,"column":16},"end":{"line":47,"column":31}}},"7":{"name":"(anonymous_7)","line":53,"loc":{"start":{"line":53,"column":22},"end":{"line":53,"column":37}}},"8":{"name":"(anonymous_8)","line":83,"loc":{"start":{"line":83,"column":17},"end":{"line":83,"column":29}}},"9":{"name":"(anonymous_9)","line":89,"loc":{"start":{"line":89,"column":43},"end":{"line":89,"column":62}}},"10":{"name":"(anonymous_10)","line":99,"loc":{"start":{"line":99,"column":19},"end":{"line":99,"column":34}}},"11":{"name":"(anonymous_11)","line":106,"loc":{"start":{"line":106,"column":26},"end":{"line":106,"column":41}}},"12":{"name":"(anonymous_12)","line":139,"loc":{"start":{"line":139,"column":21},"end":{"line":139,"column":33}}}},"statementMap":{"1":{"start":{"line":4,"column":0},"end":{"line":4,"column":33}},"2":{"start":{"line":5,"column":0},"end":{"line":5,"column":30}},"3":{"start":{"line":6,"column":0},"end":{"line":6,"column":34}},"4":{"start":{"line":9,"column":0},"end":{"line":154,"column":2}},"5":{"start":{"line":10,"column":4},"end":{"line":33,"column":7}},"6":{"start":{"line":11,"column":8},"end":{"line":11,"column":39}},"7":{"start":{"line":12,"column":8},"end":{"line":12,"column":27}},"8":{"start":{"line":13,"column":8},"end":{"line":15,"column":9}},"9":{"start":{"line":14,"column":12},"end":{"line":14,"column":27}},"10":{"start":{"line":16,"column":8},"end":{"line":32,"column":15}},"11":{"start":{"line":22,"column":16},"end":{"line":26,"column":19}},"12":{"start":{"line":29,"column":16},"end":{"line":31,"column":19}},"13":{"start":{"line":34,"column":4},"end":{"line":88,"column":7}},"14":{"start":{"line":35,"column":8},"end":{"line":35,"column":39}},"15":{"start":{"line":36,"column":8},"end":{"line":36,"column":27}},"16":{"start":{"line":37,"column":8},"end":{"line":39,"column":9}},"17":{"start":{"line":38,"column":12},"end":{"line":38,"column":27}},"18":{"start":{"line":40,"column":8},"end":{"line":40,"column":33}},"19":{"start":{"line":41,"column":8},"end":{"line":87,"column":11}},"20":{"start":{"line":48,"column":12},"end":{"line":82,"column":19}},"21":{"start":{"line":54,"column":20},"end":{"line":54,"column":41}},"22":{"start":{"line":55,"column":20},"end":{"line":72,"column":21}},"23":{"start":{"line":56,"column":24},"end":{"line":66,"column":68}},"24":{"start":{"line":57,"column":28},"end":{"line":57,"column":63}},"25":{"start":{"line":58,"column":28},"end":{"line":64,"column":29}},"26":{"start":{"line":59,"column":32},"end":{"line":59,"column":59}},"27":{"start":{"line":60,"column":32},"end":{"line":60,"column":53}},"28":{"start":{"line":61,"column":32},"end":{"line":63,"column":33}},"29":{"start":{"line":62,"column":36},"end":{"line":62,"column":58}},"30":{"start":{"line":65,"column":31},"end":{"line":66,"column":68}},"31":{"start":{"line":66,"column":28},"end":{"line":66,"column":68}},"32":{"start":{"line":68,"column":24},"end":{"line":71,"column":69}},"33":{"start":{"line":69,"column":28},"end":{"line":69,"column":64}},"34":{"start":{"line":70,"column":29},"end":{"line":71,"column":69}},"35":{"start":{"line":71,"column":28},"end":{"line":71,"column":69}},"36":{"start":{"line":73,"column":20},"end":{"line":76,"column":63}},"37":{"start":{"line":74,"column":24},"end":{"line":74,"column":58}},"38":{"start":{"line":75,"column":25},"end":{"line":76,"column":63}},"39":{"start":{"line":76,"column":24},"end":{"line":76,"column":63}},"40":{"start":{"line":77,"column":20},"end":{"line":81,"column":23}},"41":{"start":{"line":84,"column":12},"end":{"line":86,"column":15}},"42":{"start":{"line":89,"column":4},"end":{"line":149,"column":7}},"43":{"start":{"line":90,"column":8},"end":{"line":148,"column":9}},"44":{"start":{"line":91,"column":12},"end":{"line":91,"column":37}},"45":{"start":{"line":92,"column":12},"end":{"line":92,"column":48}},"46":{"start":{"line":93,"column":12},"end":{"line":143,"column":15}},"47":{"start":{"line":100,"column":16},"end":{"line":100,"column":79}},"48":{"start":{"line":101,"column":16},"end":{"line":137,"column":23}},"49":{"start":{"line":107,"column":24},"end":{"line":107,"column":45}},"50":{"start":{"line":108,"column":24},"end":{"line":126,"column":25}},"51":{"start":{"line":109,"column":28},"end":{"line":118,"column":29}},"52":{"start":{"line":110,"column":32},"end":{"line":110,"column":67}},"53":{"start":{"line":111,"column":32},"end":{"line":117,"column":33}},"54":{"start":{"line":112,"column":36},"end":{"line":112,"column":63}},"55":{"start":{"line":113,"column":36},"end":{"line":113,"column":57}},"56":{"start":{"line":114,"column":36},"end":{"line":116,"column":37}},"57":{"start":{"line":115,"column":40},"end":{"line":115,"column":62}},"58":{"start":{"line":119,"column":28},"end":{"line":120,"column":72}},"59":{"start":{"line":120,"column":32},"end":{"line":120,"column":72}},"60":{"start":{"line":122,"column":28},"end":{"line":125,"column":73}},"61":{"start":{"line":123,"column":32},"end":{"line":123,"column":68}},"62":{"start":{"line":124,"column":33},"end":{"line":125,"column":73}},"63":{"start":{"line":125,"column":32},"end":{"line":125,"column":73}},"64":{"start":{"line":127,"column":24},"end":{"line":130,"column":67}},"65":{"start":{"line":128,"column":28},"end":{"line":128,"column":62}},"66":{"start":{"line":129,"column":29},"end":{"line":130,"column":67}},"67":{"start":{"line":130,"column":28},"end":{"line":130,"column":67}},"68":{"start":{"line":131,"column":24},"end":{"line":136,"column":27}},"69":{"start":{"line":140,"column":16},"end":{"line":142,"column":19}},"70":{"start":{"line":145,"column":12},"end":{"line":147,"column":15}},"71":{"start":{"line":150,"column":4},"end":{"line":150,"column":28}},"72":{"start":{"line":152,"column":4},"end":{"line":152,"column":18}}},"branchMap":{"1":{"line":13,"type":"if","locations":[{"start":{"line":13,"column":8},"end":{"line":13,"column":8}},{"start":{"line":13,"column":8},"end":{"line":13,"column":8}}]},"2":{"line":37,"type":"if","locations":[{"start":{"line":37,"column":8},"end":{"line":37,"column":8}},{"start":{"line":37,"column":8},"end":{"line":37,"column":8}}]},"3":{"line":55,"type":"if","locations":[{"start":{"line":55,"column":20},"end":{"line":55,"column":20}},{"start":{"line":55,"column":20},"end":{"line":55,"column":20}}]},"4":{"line":55,"type":"binary-expr","locations":[{"start":{"line":55,"column":24},"end":{"line":55,"column":60}},{"start":{"line":55,"column":64},"end":{"line":55,"column":91}}]},"5":{"line":56,"type":"if","locations":[{"start":{"line":56,"column":24},"end":{"line":56,"column":24}},{"start":{"line":56,"column":24},"end":{"line":56,"column":24}}]},"6":{"line":61,"type":"if","locations":[{"start":{"line":61,"column":32},"end":{"line":61,"column":32}},{"start":{"line":61,"column":32},"end":{"line":61,"column":32}}]},"7":{"line":61,"type":"binary-expr","locations":[{"start":{"line":61,"column":36},"end":{"line":61,"column":53}},{"start":{"line":61,"column":57},"end":{"line":61,"column":67}},{"start":{"line":61,"column":72},"end":{"line":61,"column":96}},{"start":{"line":61,"column":100},"end":{"line":61,"column":124}}]},"8":{"line":65,"type":"if","locations":[{"start":{"line":65,"column":31},"end":{"line":65,"column":31}},{"start":{"line":65,"column":31},"end":{"line":65,"column":31}}]},"9":{"line":68,"type":"if","locations":[{"start":{"line":68,"column":24},"end":{"line":68,"column":24}},{"start":{"line":68,"column":24},"end":{"line":68,"column":24}}]},"10":{"line":70,"type":"if","locations":[{"start":{"line":70,"column":29},"end":{"line":70,"column":29}},{"start":{"line":70,"column":29},"end":{"line":70,"column":29}}]},"11":{"line":73,"type":"if","locations":[{"start":{"line":73,"column":20},"end":{"line":73,"column":20}},{"start":{"line":73,"column":20},"end":{"line":73,"column":20}}]},"12":{"line":75,"type":"if","locations":[{"start":{"line":75,"column":25},"end":{"line":75,"column":25}},{"start":{"line":75,"column":25},"end":{"line":75,"column":25}}]},"13":{"line":90,"type":"if","locations":[{"start":{"line":90,"column":8},"end":{"line":90,"column":8}},{"start":{"line":90,"column":8},"end":{"line":90,"column":8}}]},"14":{"line":100,"type":"cond-expr","locations":[{"start":{"line":100,"column":45},"end":{"line":100,"column":61}},{"start":{"line":100,"column":64},"end":{"line":100,"column":78}}]},"15":{"line":108,"type":"if","locations":[{"start":{"line":108,"column":24},"end":{"line":108,"column":24}},{"start":{"line":108,"column":24},"end":{"line":108,"column":24}}]},"16":{"line":108,"type":"binary-expr","locations":[{"start":{"line":108,"column":28},"end":{"line":108,"column":64}},{"start":{"line":108,"column":68},"end":{"line":108,"column":95}}]},"17":{"line":109,"type":"if","locations":[{"start":{"line":109,"column":28},"end":{"line":109,"column":28}},{"start":{"line":109,"column":28},"end":{"line":109,"column":28}}]},"18":{"line":109,"type":"binary-expr","locations":[{"start":{"line":109,"column":32},"end":{"line":109,"column":48}},{"start":{"line":109,"column":52},"end":{"line":109,"column":73}}]},"19":{"line":114,"type":"if","locations":[{"start":{"line":114,"column":36},"end":{"line":114,"column":36}},{"start":{"line":114,"column":36},"end":{"line":114,"column":36}}]},"20":{"line":114,"type":"binary-expr","locations":[{"start":{"line":114,"column":40},"end":{"line":114,"column":61}},{"start":{"line":114,"column":65},"end":{"line":114,"column":82}},{"start":{"line":114,"column":86},"end":{"line":114,"column":96}},{"start":{"line":114,"column":101},"end":{"line":114,"column":125}},{"start":{"line":114,"column":129},"end":{"line":114,"column":153}}]},"21":{"line":119,"type":"if","locations":[{"start":{"line":119,"column":28},"end":{"line":119,"column":28}},{"start":{"line":119,"column":28},"end":{"line":119,"column":28}}]},"22":{"line":122,"type":"if","locations":[{"start":{"line":122,"column":28},"end":{"line":122,"column":28}},{"start":{"line":122,"column":28},"end":{"line":122,"column":28}}]},"23":{"line":122,"type":"binary-expr","locations":[{"start":{"line":122,"column":32},"end":{"line":122,"column":48}},{"start":{"line":122,"column":52},"end":{"line":122,"column":73}}]},"24":{"line":124,"type":"if","locations":[{"start":{"line":124,"column":33},"end":{"line":124,"column":33}},{"start":{"line":124,"column":33},"end":{"line":124,"column":33}}]},"25":{"line":127,"type":"if","locations":[{"start":{"line":127,"column":24},"end":{"line":127,"column":24}},{"start":{"line":127,"column":24},"end":{"line":127,"column":24}}]},"26":{"line":127,"type":"binary-expr","locations":[{"start":{"line":127,"column":28},"end":{"line":127,"column":44}},{"start":{"line":127,"column":48},"end":{"line":127,"column":69}}]},"27":{"line":129,"type":"if","locations":[{"start":{"line":129,"column":29},"end":{"line":129,"column":29}},{"start":{"line":129,"column":29},"end":{"line":129,"column":29}}]}}},"/Users/keerthanathangaraju/mergeChanges/SB4-MAYDAY/routes/firstaid.js":{"path":"/Users/keerthanathangaraju/mergeChanges/SB4-MAYDAY/routes/firstaid.js","s":{"1":1,"2":1,"3":1,"4":1,"5":1,"6":0,"7":0,"8":0,"9":0,"10":0,"11":1,"12":1,"13":1,"14":1,"15":1,"16":1,"17":1,"18":0,"19":1,"20":1,"21":1,"22":1,"23":1,"24":1,"25":0,"26":1},"b":{},"f":{"1":0,"2":0,"3":0,"4":1,"5":1,"6":0,"7":1,"8":1,"9":0},"fnMap":{"1":{"name":"(anonymous_1)","line":9,"loc":{"start":{"line":9,"column":16},"end":{"line":9,"column":35}}},"2":{"name":"(anonymous_2)","line":13,"loc":{"start":{"line":13,"column":14},"end":{"line":13,"column":35}}},"3":{"name":"(anonymous_3)","line":20,"loc":{"start":{"line":20,"column":17},"end":{"line":20,"column":29}}},"4":{"name":"(anonymous_4)","line":31,"loc":{"start":{"line":31,"column":28},"end":{"line":31,"column":47}}},"5":{"name":"(anonymous_5)","line":40,"loc":{"start":{"line":40,"column":14},"end":{"line":40,"column":35}}},"6":{"name":"(anonymous_6)","line":47,"loc":{"start":{"line":47,"column":17},"end":{"line":47,"column":29}}},"7":{"name":"(anonymous_7)","line":55,"loc":{"start":{"line":55,"column":29},"end":{"line":55,"column":48}}},"8":{"name":"(anonymous_8)","line":61,"loc":{"start":{"line":61,"column":14},"end":{"line":61,"column":34}}},"9":{"name":"(anonymous_9)","line":66,"loc":{"start":{"line":66,"column":17},"end":{"line":66,"column":29}}}},"statementMap":{"1":{"start":{"line":4,"column":0},"end":{"line":4,"column":33}},"2":{"start":{"line":5,"column":0},"end":{"line":5,"column":30}},"3":{"start":{"line":6,"column":0},"end":{"line":6,"column":34}},"4":{"start":{"line":7,"column":0},"end":{"line":7,"column":32}},"5":{"start":{"line":9,"column":0},"end":{"line":27,"column":3}},"6":{"start":{"line":11,"column":4},"end":{"line":11,"column":20}},"7":{"start":{"line":12,"column":4},"end":{"line":26,"column":11}},"8":{"start":{"line":14,"column":12},"end":{"line":14,"column":32}},"9":{"start":{"line":15,"column":12},"end":{"line":19,"column":15}},"10":{"start":{"line":21,"column":12},"end":{"line":25,"column":15}},"11":{"start":{"line":31,"column":0},"end":{"line":52,"column":3}},"12":{"start":{"line":32,"column":4},"end":{"line":32,"column":43}},"13":{"start":{"line":33,"column":4},"end":{"line":33,"column":33}},"14":{"start":{"line":34,"column":4},"end":{"line":34,"column":20}},"15":{"start":{"line":35,"column":4},"end":{"line":51,"column":11}},"16":{"start":{"line":41,"column":12},"end":{"line":41,"column":32}},"17":{"start":{"line":42,"column":12},"end":{"line":46,"column":15}},"18":{"start":{"line":48,"column":12},"end":{"line":50,"column":15}},"19":{"start":{"line":55,"column":0},"end":{"line":72,"column":3}},"20":{"start":{"line":56,"column":4},"end":{"line":56,"column":31}},"21":{"start":{"line":57,"column":4},"end":{"line":57,"column":37}},"22":{"start":{"line":58,"column":4},"end":{"line":58,"column":31}},"23":{"start":{"line":60,"column":4},"end":{"line":70,"column":11}},"24":{"start":{"line":62,"column":12},"end":{"line":65,"column":15}},"25":{"start":{"line":67,"column":12},"end":{"line":69,"column":15}},"26":{"start":{"line":75,"column":0},"end":{"line":75,"column":24}}},"branchMap":{}},"/Users/keerthanathangaraju/mergeChanges/SB4-MAYDAY/routes/publicmessage.js":{"path":"/Users/keerthanathangaraju/mergeChanges/SB4-MAYDAY/routes/publicmessage.js","s":{"1":1,"2":1,"3":1,"4":1,"5":1,"6":1,"7":1,"8":1,"9":0,"10":1,"11":1,"12":1,"13":1,"14":1,"15":0,"16":0,"17":1,"18":1,"19":1,"20":1,"21":1,"22":1,"23":1,"24":1,"25":1,"26":0,"27":1},"b":{},"f":{"1":1,"2":1,"3":1,"4":0,"5":1,"6":1,"7":1,"8":1,"9":1,"10":1,"11":1,"12":0},"fnMap":{"1":{"name":"(anonymous_1)","line":12,"loc":{"start":{"line":12,"column":17},"end":{"line":12,"column":30}}},"2":{"name":"(anonymous_2)","line":13,"loc":{"start":{"line":13,"column":24},"end":{"line":13,"column":43}}},"3":{"name":"(anonymous_3)","line":15,"loc":{"start":{"line":15,"column":22},"end":{"line":15,"column":41}}},"4":{"name":"(anonymous_4)","line":21,"loc":{"start":{"line":21,"column":25},"end":{"line":21,"column":37}}},"5":{"name":"(anonymous_5)","line":28,"loc":{"start":{"line":28,"column":39},"end":{"line":28,"column":58}}},"6":{"name":"(anonymous_6)","line":32,"loc":{"start":{"line":32,"column":22},"end":{"line":32,"column":40}}},"7":{"name":"(anonymous_7)","line":40,"loc":{"start":{"line":40,"column":25},"end":{"line":40,"column":37}}},"8":{"name":"(anonymous_8)","line":50,"loc":{"start":{"line":50,"column":39},"end":{"line":50,"column":58}}},"9":{"name":"(anonymous_9)","line":52,"loc":{"start":{"line":52,"column":81},"end":{"line":52,"column":100}}},"10":{"name":"(anonymous_10)","line":60,"loc":{"start":{"line":60,"column":28},"end":{"line":60,"column":47}}},"11":{"name":"(anonymous_11)","line":62,"loc":{"start":{"line":62,"column":22},"end":{"line":62,"column":40}}},"12":{"name":"(anonymous_12)","line":70,"loc":{"start":{"line":70,"column":25},"end":{"line":70,"column":37}}}},"statementMap":{"1":{"start":{"line":6,"column":0},"end":{"line":6,"column":33}},"2":{"start":{"line":7,"column":0},"end":{"line":7,"column":30}},"3":{"start":{"line":8,"column":0},"end":{"line":8,"column":34}},"4":{"start":{"line":9,"column":0},"end":{"line":9,"column":32}},"5":{"start":{"line":12,"column":0},"end":{"line":84,"column":2}},"6":{"start":{"line":13,"column":4},"end":{"line":26,"column":7}},"7":{"start":{"line":14,"column":8},"end":{"line":25,"column":11}},"8":{"start":{"line":16,"column":20},"end":{"line":20,"column":23}},"9":{"start":{"line":22,"column":12},"end":{"line":24,"column":15}},"10":{"start":{"line":28,"column":4},"end":{"line":48,"column":7}},"11":{"start":{"line":29,"column":8},"end":{"line":29,"column":35}},"12":{"start":{"line":30,"column":8},"end":{"line":30,"column":23}},"13":{"start":{"line":31,"column":8},"end":{"line":47,"column":11}},"14":{"start":{"line":33,"column":20},"end":{"line":33,"column":64}},"15":{"start":{"line":34,"column":20},"end":{"line":34,"column":44}},"16":{"start":{"line":35,"column":20},"end":{"line":39,"column":11}},"17":{"start":{"line":41,"column":20},"end":{"line":45,"column":11}},"18":{"start":{"line":50,"column":4},"end":{"line":58,"column":7}},"19":{"start":{"line":51,"column":8},"end":{"line":51,"column":48}},"20":{"start":{"line":52,"column":8},"end":{"line":57,"column":11}},"21":{"start":{"line":53,"column":12},"end":{"line":56,"column":15}},"22":{"start":{"line":60,"column":4},"end":{"line":76,"column":7}},"23":{"start":{"line":61,"column":8},"end":{"line":74,"column":11}},"24":{"start":{"line":63,"column":20},"end":{"line":63,"column":53}},"25":{"start":{"line":64,"column":20},"end":{"line":68,"column":23}},"26":{"start":{"line":71,"column":12},"end":{"line":73,"column":15}},"27":{"start":{"line":82,"column":4},"end":{"line":82,"column":18}}},"branchMap":{}},"/Users/keerthanathangaraju/mergeChanges/SB4-MAYDAY/routes/privatemessage.js":{"path":"/Users/keerthanathangaraju/mergeChanges/SB4-MAYDAY/routes/privatemessage.js","s":{"1":1,"2":1,"3":1,"4":1,"5":1,"6":1,"7":1,"8":1,"9":1,"10":0,"11":1,"12":1,"13":1,"14":1,"15":0,"16":0,"17":0,"18":0,"19":1,"20":0,"21":1,"22":1,"23":1,"24":1,"25":0,"26":1,"27":0,"28":0,"29":0,"30":0,"31":0,"32":0,"33":0,"34":0,"35":0,"36":0,"37":1,"38":0,"39":1},"b":{"1":[0,0],"2":[0,0,0,0],"3":[0,0],"4":[0,0],"5":[0,0],"6":[0,0]},"f":{"1":1,"2":1,"3":1,"4":0,"5":1,"6":1,"7":0,"8":1,"9":1,"10":0,"11":0,"12":0,"13":0,"14":0},"fnMap":{"1":{"name":"(anonymous_1)","line":10,"loc":{"start":{"line":10,"column":17},"end":{"line":10,"column":30}}},"2":{"name":"(anonymous_2)","line":13,"loc":{"start":{"line":13,"column":44},"end":{"line":13,"column":63}}},"3":{"name":"(anonymous_3)","line":26,"loc":{"start":{"line":26,"column":12},"end":{"line":26,"column":27}}},"4":{"name":"(anonymous_4)","line":32,"loc":{"start":{"line":32,"column":13},"end":{"line":32,"column":24}}},"5":{"name":"(anonymous_5)","line":38,"loc":{"start":{"line":38,"column":26},"end":{"line":38,"column":45}}},"6":{"name":"(anonymous_6)","line":45,"loc":{"start":{"line":45,"column":12},"end":{"line":45,"column":23}}},"7":{"name":"(anonymous_7)","line":57,"loc":{"start":{"line":57,"column":13},"end":{"line":57,"column":24}}},"8":{"name":"(anonymous_8)","line":63,"loc":{"start":{"line":63,"column":34},"end":{"line":63,"column":53}}},"9":{"name":"(anonymous_9)","line":69,"loc":{"start":{"line":69,"column":12},"end":{"line":69,"column":26}}},"10":{"name":"(anonymous_10)","line":75,"loc":{"start":{"line":75,"column":13},"end":{"line":75,"column":24}}},"11":{"name":"(anonymous_11)","line":80,"loc":{"start":{"line":80,"column":38},"end":{"line":80,"column":57}}},"12":{"name":"(anonymous_12)","line":90,"loc":{"start":{"line":90,"column":13},"end":{"line":90,"column":30}}},"13":{"name":"(anonymous_13)","line":106,"loc":{"start":{"line":106,"column":13},"end":{"line":106,"column":24}}},"14":{"name":"(anonymous_14)","line":111,"loc":{"start":{"line":111,"column":16},"end":{"line":111,"column":35}}}},"statementMap":{"1":{"start":{"line":6,"column":0},"end":{"line":6,"column":33}},"2":{"start":{"line":7,"column":0},"end":{"line":7,"column":30}},"3":{"start":{"line":8,"column":0},"end":{"line":8,"column":34}},"4":{"start":{"line":10,"column":0},"end":{"line":116,"column":2}},"5":{"start":{"line":13,"column":2},"end":{"line":35,"column":5}},"6":{"start":{"line":14,"column":4},"end":{"line":14,"column":35}},"7":{"start":{"line":15,"column":4},"end":{"line":15,"column":39}},"8":{"start":{"line":16,"column":4},"end":{"line":34,"column":7}},"9":{"start":{"line":27,"column":6},"end":{"line":31,"column":9}},"10":{"start":{"line":33,"column":6},"end":{"line":33,"column":28}},"11":{"start":{"line":38,"column":2},"end":{"line":60,"column":5}},"12":{"start":{"line":39,"column":4},"end":{"line":39,"column":24}},"13":{"start":{"line":40,"column":4},"end":{"line":59,"column":7}},"14":{"start":{"line":46,"column":6},"end":{"line":52,"column":7}},"15":{"start":{"line":47,"column":8},"end":{"line":47,"column":35}},"16":{"start":{"line":48,"column":8},"end":{"line":48,"column":29}},"17":{"start":{"line":49,"column":8},"end":{"line":51,"column":9}},"18":{"start":{"line":50,"column":10},"end":{"line":50,"column":52}},"19":{"start":{"line":53,"column":6},"end":{"line":56,"column":9}},"20":{"start":{"line":58,"column":6},"end":{"line":58,"column":28}},"21":{"start":{"line":63,"column":2},"end":{"line":78,"column":5}},"22":{"start":{"line":64,"column":4},"end":{"line":64,"column":35}},"23":{"start":{"line":65,"column":4},"end":{"line":77,"column":7}},"24":{"start":{"line":70,"column":6},"end":{"line":74,"column":9}},"25":{"start":{"line":76,"column":6},"end":{"line":76,"column":28}},"26":{"start":{"line":80,"column":2},"end":{"line":109,"column":5}},"27":{"start":{"line":81,"column":4},"end":{"line":108,"column":7}},"28":{"start":{"line":91,"column":4},"end":{"line":91,"column":26}},"29":{"start":{"line":92,"column":4},"end":{"line":99,"column":5}},"30":{"start":{"line":93,"column":8},"end":{"line":95,"column":9}},"31":{"start":{"line":94,"column":12},"end":{"line":94,"column":59}},"32":{"start":{"line":96,"column":8},"end":{"line":98,"column":9}},"33":{"start":{"line":97,"column":12},"end":{"line":97,"column":62}},"34":{"start":{"line":100,"column":4},"end":{"line":100,"column":65}},"35":{"start":{"line":101,"column":6},"end":{"line":105,"column":9}},"36":{"start":{"line":107,"column":6},"end":{"line":107,"column":28}},"37":{"start":{"line":111,"column":0},"end":{"line":113,"column":3}},"38":{"start":{"line":112,"column":2},"end":{"line":112,"column":24}},"39":{"start":{"line":115,"column":2},"end":{"line":115,"column":16}}},"branchMap":{"1":{"line":49,"type":"if","locations":[{"start":{"line":49,"column":8},"end":{"line":49,"column":8}},{"start":{"line":49,"column":8},"end":{"line":49,"column":8}}]},"2":{"line":49,"type":"binary-expr","locations":[{"start":{"line":49,"column":12},"end":{"line":49,"column":29}},{"start":{"line":49,"column":33},"end":{"line":49,"column":43}},{"start":{"line":49,"column":48},"end":{"line":49,"column":68}},{"start":{"line":49,"column":72},"end":{"line":49,"column":90}}]},"3":{"line":93,"type":"if","locations":[{"start":{"line":93,"column":8},"end":{"line":93,"column":8}},{"start":{"line":93,"column":8},"end":{"line":93,"column":8}}]},"4":{"line":93,"type":"binary-expr","locations":[{"start":{"line":93,"column":11},"end":{"line":93,"column":49}},{"start":{"line":93,"column":53},"end":{"line":93,"column":103}}]},"5":{"line":96,"type":"if","locations":[{"start":{"line":96,"column":8},"end":{"line":96,"column":8}},{"start":{"line":96,"column":8},"end":{"line":96,"column":8}}]},"6":{"line":96,"type":"binary-expr","locations":[{"start":{"line":96,"column":11},"end":{"line":96,"column":51}},{"start":{"line":96,"column":55},"end":{"line":96,"column":108}}]}}}}