TN:
SF:/Users/keerthanathangaraju/mergeChanges/SB4-MAYDAY/models/index.js
FN:25,(anonymous_1)
FN:29,(anonymous_2)
FN:43,(anonymous_3)
FNF:3
FNH:3
FNDA:10,(anonymous_1)
FNDA:8,(anonymous_2)
FNDA:8,(anonymous_3)
DA:3,1
DA:8,1
DA:14,1
DA:24,1
DA:27,10
DA:31,8
DA:32,8
DA:33,8
DA:43,1
DA:44,8
DA:45,7
DA:54,1
DA:55,1
DA:59,1
LF:14
LH:14
BRDA:27,1,0,10
BRDA:27,1,1,9
BRDA:44,2,0,7
BRDA:44,2,1,1
BRF:4
BRH:4
end_of_record
TN:
SF:/Users/keerthanathangaraju/mergeChanges/SB4-MAYDAY/server/config.js
FN:1,(anonymous_1)
FNF:1
FNH:1
FNDA:1,(anonymous_1)
DA:1,1
DA:2,1
DA:14,1
LF:3
LH:3
BRDA:14,1,0,1
BRDA:14,1,1,0
BRF:2
BRH:1
end_of_record
TN:
SF:/Users/keerthanathangaraju/mergeChanges/SB4-MAYDAY/models/AnnouncementModel.js
FN:5,(anonymous_1)
FN:27,(anonymous_2)
FNF:2
FNH:2
FNDA:1,(anonymous_1)
FNDA:1,(anonymous_2)
DA:2,1
DA:5,1
DA:6,1
DA:28,1
DA:32,1
LF:5
LH:5
BRF:0
BRH:0
end_of_record
TN:
SF:/Users/keerthanathangaraju/mergeChanges/SB4-MAYDAY/models/FirstAidModel.js
FN:5,(anonymous_1)
FNF:1
FNH:1
FNDA:1,(anonymous_1)
DA:2,1
DA:5,1
DA:6,1
DA:20,1
LF:4
LH:4
BRF:0
BRH:0
end_of_record
TN:
SF:/Users/keerthanathangaraju/mergeChanges/SB4-MAYDAY/models/PerformanceMessageModel.js
FN:5,(anonymous_1)
FN:27,(anonymous_2)
FN:32,(anonymous_3)
FN:34,(anonymous_4)
FN:38,(anonymous_5)
FNF:5
FNH:2
FNDA:1,(anonymous_1)
FNDA:1,(anonymous_2)
FNDA:0,(anonymous_3)
FNDA:0,(anonymous_4)
FNDA:0,(anonymous_5)
DA:2,1
DA:5,1
DA:6,1
DA:28,1
DA:33,0
DA:36,0
DA:45,1
LF:7
LH:5
BRF:0
BRH:0
end_of_record
TN:
SF:/Users/keerthanathangaraju/mergeChanges/SB4-MAYDAY/models/PrivateMessagesModel.js
FN:3,(anonymous_1)
FN:29,(anonymous_2)
FNF:2
FNH:2
FNDA:1,(anonymous_1)
FNDA:1,(anonymous_2)
DA:1,1
DA:3,1
DA:4,1
DA:30,1
DA:33,1
DA:40,1
LF:6
LH:6
BRF:0
BRH:0
end_of_record
TN:
SF:/Users/keerthanathangaraju/mergeChanges/SB4-MAYDAY/models/PrivilegeModel.js
FN:5,(anonymous_1)
FN:25,(anonymous_2)
FNF:2
FNH:2
FNDA:1,(anonymous_1)
FNDA:1,(anonymous_2)
DA:2,1
DA:5,1
DA:6,1
DA:26,1
DA:33,1
LF:5
LH:5
BRF:0
BRH:0
end_of_record
TN:
SF:/Users/keerthanathangaraju/mergeChanges/SB4-MAYDAY/models/PublicMessageModel.js
FN:5,(anonymous_1)
FN:27,(anonymous_2)
FN:32,(anonymous_3)
FN:34,(anonymous_4)
FN:38,(anonymous_5)
FNF:5
FNH:4
FNDA:1,(anonymous_1)
FNDA:1,(anonymous_2)
FNDA:1,(anonymous_3)
FNDA:1,(anonymous_4)
FNDA:0,(anonymous_5)
DA:2,1
DA:5,1
DA:6,1
DA:28,1
DA:33,1
DA:36,1
DA:45,1
LF:7
LH:7
BRF:0
BRH:0
end_of_record
TN:
SF:/Users/keerthanathangaraju/mergeChanges/SB4-MAYDAY/models/StatusModel.js
FN:4,(anonymous_1)
FN:28,(anonymous_2)
FNF:2
FNH:2
FNDA:1,(anonymous_1)
FNDA:1,(anonymous_2)
DA:2,1
DA:4,1
DA:5,1
DA:29,1
DA:36,1
LF:5
LH:5
BRF:0
BRH:0
end_of_record
TN:
SF:/Users/keerthanathangaraju/mergeChanges/SB4-MAYDAY/models/UsersModel.js
FN:5,(anonymous_1)
FN:36,(anonymous_2)
FNF:2
FNH:2
FNDA:1,(anonymous_1)
FNDA:1,(anonymous_2)
DA:2,1
DA:5,1
DA:6,1
DA:37,1
DA:40,1
DA:44,1
DA:48,1
DA:52,1
LF:8
LH:8
BRF:0
BRH:0
end_of_record
TN:
SF:/Users/keerthanathangaraju/mergeChanges/SB4-MAYDAY/main.js
FNF:0
FNH:0
DA:4,1
DA:6,1
DA:7,1
DA:10,1
LF:4
LH:4
BRDA:6,1,0,1
BRDA:6,1,1,1
BRDA:7,2,0,1
BRDA:7,2,1,1
BRF:4
BRH:4
end_of_record
TN:
SF:/Users/keerthanathangaraju/mergeChanges/SB4-MAYDAY/server/server.js
FN:14,(anonymous_1)
FN:26,(anonymous_2)
FN:61,(anonymous_3)
FN:62,(anonymous_4)
FN:78,(anonymous_5)
FN:87,addUsersAndPrivileges
FN:89,(anonymous_7)
FN:96,(anonymous_8)
FN:101,(anonymous_9)
FN:107,(anonymous_10)
FNF:10
FNH:8
FNDA:1,(anonymous_1)
FNDA:27,(anonymous_2)
FNDA:1,(anonymous_3)
FNDA:1,(anonymous_4)
FNDA:1,(anonymous_5)
FNDA:1,addUsersAndPrivileges
FNDA:1,(anonymous_7)
FNDA:0,(anonymous_8)
FNDA:1,(anonymous_9)
FNDA:0,(anonymous_10)
DA:2,1
DA:3,1
DA:5,1
DA:6,1
DA:7,1
DA:8,1
DA:10,1
DA:11,1
DA:14,1
DA:15,1
DA:18,1
DA:19,1
DA:20,1
DA:21,1
DA:22,1
DA:23,1
DA:26,1
DA:29,27
DA:31,0
DA:37,27
DA:41,1
DA:42,1
DA:43,1
DA:44,1
DA:46,1
DA:47,1
DA:48,1
DA:49,1
DA:50,1
DA:51,1
DA:55,1
DA:58,1
DA:62,1
DA:63,1
DA:65,1
DA:66,1
DA:67,1
DA:68,1
DA:69,1
DA:70,1
DA:71,1
DA:72,1
DA:73,1
DA:75,1
DA:76,1
DA:77,1
DA:78,1
DA:79,1
DA:85,0
DA:87,1
DA:88,1
DA:90,1
DA:91,4
DA:92,4
DA:93,4
DA:100,1
DA:102,1
DA:103,4
DA:104,4
DA:114,1
LF:60
LH:58
BRDA:29,1,0,0
BRDA:29,1,1,27
BRDA:29,2,0,27
BRDA:29,2,1,25
BRDA:65,3,0,1
BRDA:65,3,1,0
BRF:6
BRH:4
end_of_record
TN:
SF:/Users/keerthanathangaraju/mergeChanges/SB4-MAYDAY/routes/index.js
FN:6,(anonymous_1)
FN:36,(anonymous_2)
FN:44,(anonymous_3)
FN:53,(anonymous_4)
FN:68,(anonymous_5)
FNF:5
FNH:1
FNDA:1,(anonymous_1)
FNDA:0,(anonymous_2)
FNDA:0,(anonymous_3)
FNDA:0,(anonymous_4)
FNDA:0,(anonymous_5)
DA:3,1
DA:4,1
DA:6,1
DA:8,1
DA:9,1
DA:11,1
DA:12,1
DA:13,1
DA:14,1
DA:15,1
DA:16,1
DA:17,1
DA:18,1
DA:19,1
DA:22,1
DA:23,1
DA:24,1
DA:25,1
DA:26,1
DA:27,1
DA:28,1
DA:29,1
DA:30,1
DA:31,1
DA:32,1
DA:36,1
DA:37,0
DA:38,0
DA:39,0
DA:44,1
DA:45,0
DA:46,0
DA:53,1
DA:54,0
DA:56,0
DA:62,0
DA:68,1
DA:69,0
DA:70,0
DA:77,1
LF:40
LH:30
BRDA:45,1,0,0
BRDA:45,1,1,0
BRDA:54,2,0,0
BRDA:54,2,1,0
BRDA:54,3,0,0
BRDA:54,3,1,0
BRDA:69,4,0,0
BRDA:69,4,1,0
BRF:8
BRH:0
end_of_record
TN:
SF:/Users/keerthanathangaraju/mergeChanges/SB4-MAYDAY/routes/login.js
FN:10,(anonymous_1)
FN:11,(anonymous_2)
FN:16,(anonymous_3)
FN:27,(anonymous_4)
FN:55,(anonymous_5)
FN:64,(anonymous_6)
FN:75,(anonymous_7)
FN:106,(anonymous_8)
FN:111,(anonymous_9)
FN:128,(anonymous_10)
FNF:10
FNH:7
FNDA:1,(anonymous_1)
FNDA:0,(anonymous_2)
FNDA:1,(anonymous_3)
FNDA:1,(anonymous_4)
FNDA:0,(anonymous_5)
FNDA:1,(anonymous_6)
FNDA:1,(anonymous_7)
FNDA:1,(anonymous_8)
FNDA:1,(anonymous_9)
FNDA:0,(anonymous_10)
DA:4,1
DA:5,1
DA:6,1
DA:7,1
DA:10,1
DA:11,1
DA:12,0
DA:16,1
DA:18,1
DA:19,1
DA:21,1
DA:28,1
DA:29,1
DA:30,1
DA:31,1
DA:37,1
DA:38,1
DA:39,1
DA:42,1
DA:50,0
DA:56,0
DA:64,1
DA:65,1
DA:66,1
DA:67,1
DA:68,1
DA:70,1
DA:76,1
DA:77,0
DA:78,0
DA:83,0
DA:84,0
DA:85,0
DA:87,0
DA:96,0
DA:101,1
DA:102,0
DA:107,1
DA:112,1
DA:117,1
DA:118,1
DA:119,1
DA:120,1
DA:121,1
DA:129,0
DA:138,1
LF:46
LH:34
BRDA:28,1,0,1
BRDA:28,1,1,0
BRDA:76,2,0,0
BRDA:76,2,1,1
BRDA:76,3,0,1
BRDA:76,3,1,0
BRDA:77,4,0,0
BRDA:77,4,1,0
BRDA:101,5,0,0
BRDA:101,5,1,0
BRF:10
BRH:3
end_of_record
TN:
SF:/Users/keerthanathangaraju/mergeChanges/SB4-MAYDAY/routes/logout.js
FN:5,(anonymous_1)
FN:7,(anonymous_2)
FNF:2
FNH:1
FNDA:1,(anonymous_1)
FNDA:0,(anonymous_2)
DA:2,1
DA:3,1
DA:5,1
DA:7,1
DA:8,0
DA:9,0
DA:10,0
DA:11,0
DA:13,1
LF:9
LH:5
BRF:0
BRH:0
end_of_record
TN:
SF:/Users/keerthanathangaraju/mergeChanges/SB4-MAYDAY/routes/welcome.js
FN:11,(anonymous_1)
FN:12,(anonymous_2)
FN:20,(anonymous_3)
FN:25,(anonymous_4)
FN:44,(anonymous_5)
FN:66,(anonymous_6)
FN:86,(anonymous_7)
FN:125,(anonymous_8)
FN:130,(anonymous_9)
FN:151,(anonymous_10)
FN:157,(anonymous_11)
FN:167,(anonymous_12)
FN:174,(anonymous_13)
FN:179,getDistanceFromLatLonInKm
FN:194,deg2rad
FNF:15
FNH:2
FNDA:1,(anonymous_1)
FNDA:1,(anonymous_2)
FNDA:0,(anonymous_3)
FNDA:0,(anonymous_4)
FNDA:0,(anonymous_5)
FNDA:0,(anonymous_6)
FNDA:0,(anonymous_7)
FNDA:0,(anonymous_8)
FNDA:0,(anonymous_9)
FNDA:0,(anonymous_10)
FNDA:0,(anonymous_11)
FNDA:0,(anonymous_12)
FNDA:0,(anonymous_13)
FNDA:0,getDistanceFromLatLonInKm
FNDA:0,deg2rad
DA:6,1
DA:7,1
DA:8,1
DA:9,1
DA:10,1
DA:11,1
DA:12,1
DA:13,1
DA:14,4
DA:15,4
DA:16,4
DA:17,4
DA:25,1
DA:26,0
DA:27,0
DA:28,0
DA:29,0
DA:30,0
DA:31,0
DA:32,0
DA:33,0
DA:34,0
DA:35,0
DA:37,0
DA:38,0
DA:41,0
DA:44,0
DA:45,0
DA:46,0
DA:47,0
DA:48,0
DA:49,0
DA:50,0
DA:51,0
DA:53,0
DA:54,0
DA:59,0
DA:60,0
DA:61,0
DA:66,1
DA:67,0
DA:70,0
DA:77,0
DA:86,1
DA:87,0
DA:89,0
DA:90,0
DA:96,0
DA:97,0
DA:98,0
DA:100,0
DA:106,0
DA:107,0
DA:108,0
DA:109,0
DA:110,0
DA:111,0
DA:112,0
DA:113,0
DA:114,0
DA:115,0
DA:118,0
DA:119,0
DA:120,0
DA:121,0
DA:122,0
DA:125,0
DA:126,0
DA:128,0
DA:129,0
DA:130,0
DA:131,0
DA:133,0
DA:134,0
DA:147,0
DA:148,0
DA:150,0
DA:152,0
DA:158,0
DA:163,0
DA:164,0
DA:166,0
DA:168,0
DA:179,1
DA:180,0
DA:181,0
DA:182,0
DA:183,0
DA:188,0
DA:189,0
DA:191,0
DA:194,1
DA:195,0
DA:200,1
LF:94
LH:18
BRDA:26,1,0,0
BRDA:26,1,1,0
BRDA:26,2,0,0
BRDA:26,2,1,0
BRDA:27,3,0,0
BRDA:27,3,1,0
BRDA:34,4,0,0
BRDA:34,4,1,0
BRDA:34,5,0,0
BRDA:34,5,1,0
BRDA:45,6,0,0
BRDA:45,6,1,0
BRDA:50,7,0,0
BRDA:50,7,1,0
BRDA:53,8,0,0
BRDA:53,8,1,0
BRDA:53,9,0,0
BRDA:53,9,1,0
BRDA:67,10,0,0
BRDA:67,10,1,0
BRDA:67,11,0,0
BRDA:67,11,1,0
BRDA:67,11,2,0
BRDA:89,12,0,0
BRDA:89,12,1,0
BRDA:89,13,0,0
BRDA:89,13,1,0
BRDA:96,14,0,0
BRDA:96,14,1,0
BRDA:96,15,0,0
BRDA:96,15,1,0
BRDA:112,16,0,0
BRDA:112,16,1,0
BRDA:119,17,0,0
BRDA:119,17,1,0
BRDA:133,18,0,0
BRDA:133,18,1,0
BRDA:133,19,0,0
BRDA:133,19,1,0
BRDA:147,20,0,0
BRDA:147,20,1,0
BRDA:163,21,0,0
BRDA:163,21,1,0
BRF:43
BRH:0
end_of_record
TN:
SF:/Users/keerthanathangaraju/mergeChanges/SB4-MAYDAY/routes/announcement.js
FN:9,(anonymous_1)
FN:11,(anonymous_2)
FN:13,(anonymous_3)
FN:19,(anonymous_4)
FN:27,(anonymous_5)
FN:29,(anonymous_6)
FN:35,(anonymous_7)
FNF:7
FNH:5
FNDA:1,(anonymous_1)
FNDA:1,(anonymous_2)
FNDA:1,(anonymous_3)
FNDA:0,(anonymous_4)
FNDA:1,(anonymous_5)
FNDA:1,(anonymous_6)
FNDA:0,(anonymous_7)
DA:4,1
DA:5,1
DA:6,1
DA:7,1
DA:9,1
DA:11,1
DA:12,1
DA:14,1
DA:15,1
DA:20,0
DA:27,1
DA:28,1
DA:30,1
DA:36,0
DA:43,1
LF:15
LH:13
BRF:0
BRH:0
end_of_record
TN:
SF:/Users/keerthanathangaraju/mergeChanges/SB4-MAYDAY/routes/users.js
FN:13,(anonymous_1)
FN:14,(anonymous_2)
FN:17,(anonymous_3)
FN:32,(anonymous_4)
FN:43,(anonymous_5)
FN:56,(anonymous_6)
FN:69,(anonymous_7)
FN:77,(anonymous_8)
FN:80,(anonymous_9)
FN:103,(anonymous_10)
FN:116,(anonymous_11)
FN:120,(anonymous_12)
FN:124,(anonymous_13)
FN:133,(anonymous_14)
FN:143,(anonymous_15)
FNF:15
FNH:6
FNDA:1,(anonymous_1)
FNDA:0,(anonymous_2)
FNDA:1,(anonymous_3)
FNDA:0,(anonymous_4)
FNDA:0,(anonymous_5)
FNDA:1,(anonymous_6)
FNDA:1,(anonymous_7)
FNDA:1,(anonymous_8)
FNDA:1,(anonymous_9)
FNDA:0,(anonymous_10)
FNDA:0,(anonymous_11)
FNDA:0,(anonymous_12)
FNDA:0,(anonymous_13)
FNDA:0,(anonymous_14)
FNDA:0,(anonymous_15)
DA:7,1
DA:8,1
DA:9,1
DA:10,1
DA:13,1
DA:14,1
DA:15,0
DA:17,1
DA:18,1
DA:19,1
DA:21,0
DA:22,0
DA:25,1
DA:32,1
DA:34,0
DA:43,1
DA:45,0
DA:46,0
DA:47,0
DA:48,0
DA:56,1
DA:58,1
DA:59,1
DA:69,1
DA:70,1
DA:71,1
DA:72,1
DA:73,1
DA:74,1
DA:78,1
DA:79,1
DA:81,1
DA:82,1
DA:83,0
DA:84,0
DA:85,0
DA:87,1
DA:88,0
DA:89,1
DA:91,1
DA:92,0
DA:93,1
DA:95,1
DA:104,0
DA:109,0
DA:116,1
DA:117,0
DA:118,0
DA:119,0
DA:121,0
DA:122,0
DA:127,0
DA:133,1
DA:134,0
DA:135,0
DA:136,0
DA:137,0
DA:138,0
DA:143,1
DA:144,0
DA:145,0
DA:146,0
DA:147,0
DA:148,0
DA:149,0
DA:150,0
DA:152,0
DA:154,0
DA:162,1
LF:69
LH:34
BRDA:21,1,0,0
BRDA:21,1,1,0
BRDA:21,2,0,0
BRDA:21,2,1,0
BRDA:73,3,0,1
BRDA:73,3,1,0
BRDA:73,4,0,1
BRDA:73,4,1,1
BRDA:73,4,2,1
BRDA:78,5,0,0
BRDA:78,5,1,1
BRDA:82,6,0,0
BRDA:82,6,1,1
BRDA:82,7,0,1
BRDA:82,7,1,1
BRDA:83,8,0,0
BRDA:83,8,1,0
BRDA:87,9,0,0
BRDA:87,9,1,1
BRDA:91,10,0,0
BRDA:91,10,1,1
BRDA:137,11,0,0
BRDA:137,11,1,0
BRDA:137,12,0,0
BRDA:137,12,1,0
BRDA:137,12,2,0
BRDA:147,13,0,0
BRDA:147,13,1,0
BRDA:147,14,0,0
BRDA:147,14,1,0
BRDA:147,14,2,0
BRDA:149,15,0,0
BRDA:149,15,1,0
BRF:33
BRH:10
end_of_record
TN:
SF:/Users/keerthanathangaraju/mergeChanges/SB4-MAYDAY/routes/performance.js
FN:10,(anonymous_1)
FN:21,(anonymous_2)
FN:23,(anonymous_3)
FN:34,(anonymous_4)
FN:42,(anonymous_5)
FN:49,(anonymous_6)
FN:52,(anonymous_7)
FN:58,(anonymous_8)
FN:65,(anonymous_9)
FN:76,(anonymous_10)
FN:78,(anonymous_11)
FN:87,(anonymous_12)
FNF:12
FNH:4
FNDA:1,(anonymous_1)
FNDA:0,(anonymous_2)
FNDA:0,(anonymous_3)
FNDA:0,(anonymous_4)
FNDA:1,(anonymous_5)
FNDA:1,(anonymous_6)
FNDA:1,(anonymous_7)
FNDA:0,(anonymous_8)
FNDA:0,(anonymous_9)
FNDA:0,(anonymous_10)
FNDA:0,(anonymous_11)
FNDA:0,(anonymous_12)
DA:3,1
DA:4,1
DA:5,1
DA:8,1
DA:10,1
DA:11,1
DA:12,1
DA:13,1
DA:14,0
DA:26,0
DA:30,1
DA:35,0
DA:36,0
DA:43,1
DA:49,1
DA:50,1
DA:51,1
DA:53,1
DA:59,0
DA:65,1
DA:66,0
DA:67,0
DA:68,0
DA:69,0
DA:82,0
DA:87,1
DA:88,0
DA:89,0
DA:93,1
LF:29
LH:17
BRDA:13,1,0,0
BRDA:13,1,1,1
BRF:2
BRH:1
end_of_record
TN:
SF:/Users/keerthanathangaraju/mergeChanges/SB4-MAYDAY/routes/search.js
FN:10,(anonymous_1)
FN:14,(anonymous_2)
FN:23,(anonymous_3)
FN:45,(anonymous_4)
FN:55,(anonymous_5)
FN:65,(anonymous_6)
FN:86,(anonymous_7)
FN:96,(anonymous_8)
FN:106,(anonymous_9)
FN:130,(anonymous_10)
FN:138,(anonymous_11)
FN:184,(anonymous_12)
FN:236,(anonymous_13)
FN:253,(anonymous_14)
FN:266,(anonymous_15)
FNF:15
FNH:10
FNDA:0,(anonymous_1)
FNDA:1,(anonymous_2)
FNDA:1,(anonymous_3)
FNDA:0,(anonymous_4)
FNDA:1,(anonymous_5)
FNDA:1,(anonymous_6)
FNDA:0,(anonymous_7)
FNDA:1,(anonymous_8)
FNDA:1,(anonymous_9)
FNDA:0,(anonymous_10)
FNDA:1,(anonymous_11)
FNDA:1,(anonymous_12)
FNDA:1,(anonymous_13)
FNDA:1,(anonymous_14)
FNDA:0,(anonymous_15)
DA:6,1
DA:7,1
DA:8,1
DA:9,1
DA:10,1
DA:11,0
DA:14,1
DA:15,1
DA:17,1
DA:24,1
DA:25,1
DA:31,0
DA:46,0
DA:55,1
DA:57,1
DA:59,1
DA:66,1
DA:67,0
DA:73,1
DA:87,0
DA:96,1
DA:98,1
DA:100,1
DA:108,1
DA:109,0
DA:115,1
DA:131,0
DA:138,1
DA:139,1
DA:140,1
DA:141,1
DA:142,1
DA:143,1
DA:144,0
DA:145,0
DA:147,0
DA:151,1
DA:152,3
DA:153,0
DA:154,0
DA:156,0
DA:159,1
DA:160,1
DA:165,0
DA:184,1
DA:185,1
DA:186,1
DA:188,1
DA:190,1
DA:191,1
DA:192,0
DA:193,0
DA:195,0
DA:199,1
DA:200,3
DA:201,0
DA:202,0
DA:204,0
DA:208,1
DA:209,1
DA:212,1
DA:213,1
DA:218,0
DA:236,1
DA:237,1
DA:238,1
DA:239,1
DA:240,1
DA:254,1
DA:255,1
DA:261,0
DA:267,0
DA:275,1
LF:73
LH:50
BRDA:24,1,0,1
BRDA:24,1,1,0
BRDA:66,2,0,0
BRDA:66,2,1,1
BRDA:108,3,0,0
BRDA:108,3,1,1
BRDA:143,4,0,0
BRDA:143,4,1,1
BRDA:152,5,0,0
BRDA:152,5,1,3
BRDA:159,6,0,1
BRDA:159,6,1,0
BRDA:159,7,0,1
BRDA:159,7,1,1
BRDA:191,8,0,0
BRDA:191,8,1,1
BRDA:200,9,0,0
BRDA:200,9,1,3
BRDA:212,10,0,1
BRDA:212,10,1,0
BRDA:254,11,0,1
BRDA:254,11,1,0
BRF:22
BRH:12
end_of_record
TN:
SF:/Users/keerthanathangaraju/mergeChanges/SB4-MAYDAY/routes/admin.js
FN:9,(anonymous_1)
FN:10,(anonymous_2)
FN:21,(anonymous_3)
FN:28,(anonymous_4)
FN:34,(anonymous_5)
FN:47,(anonymous_6)
FN:53,(anonymous_7)
FN:83,(anonymous_8)
FN:89,(anonymous_9)
FN:99,(anonymous_10)
FN:106,(anonymous_11)
FN:139,(anonymous_12)
FNF:12
FNH:9
FNDA:1,(anonymous_1)
FNDA:1,(anonymous_2)
FNDA:1,(anonymous_3)
FNDA:0,(anonymous_4)
FNDA:1,(anonymous_5)
FNDA:1,(anonymous_6)
FNDA:1,(anonymous_7)
FNDA:0,(anonymous_8)
FNDA:1,(anonymous_9)
FNDA:1,(anonymous_10)
FNDA:1,(anonymous_11)
FNDA:0,(anonymous_12)
DA:4,1
DA:5,1
DA:6,1
DA:9,1
DA:10,1
DA:11,1
DA:12,1
DA:13,1
DA:14,0
DA:16,1
DA:22,1
DA:29,0
DA:34,1
DA:35,1
DA:36,1
DA:37,1
DA:38,0
DA:40,1
DA:41,1
DA:48,1
DA:54,1
DA:55,1
DA:56,0
DA:57,0
DA:58,0
DA:59,0
DA:60,0
DA:61,0
DA:62,0
DA:65,0
DA:66,0
DA:68,1
DA:69,0
DA:70,1
DA:71,1
DA:73,1
DA:74,0
DA:75,1
DA:76,1
DA:77,1
DA:84,0
DA:89,1
DA:90,1
DA:91,1
DA:92,1
DA:93,1
DA:100,1
DA:101,1
DA:107,1
DA:108,1
DA:109,0
DA:110,0
DA:111,0
DA:112,0
DA:113,0
DA:114,0
DA:115,0
DA:119,0
DA:120,0
DA:122,1
DA:123,1
DA:124,0
DA:125,0
DA:127,1
DA:128,1
DA:129,0
DA:130,0
DA:131,1
DA:140,0
DA:145,0
DA:150,1
DA:152,1
LF:72
LH:42
BRDA:13,1,0,0
BRDA:13,1,1,1
BRDA:37,2,0,0
BRDA:37,2,1,1
BRDA:55,3,0,0
BRDA:55,3,1,1
BRDA:55,4,0,1
BRDA:55,4,1,1
BRDA:56,5,0,0
BRDA:56,5,1,0
BRDA:61,6,0,0
BRDA:61,6,1,0
BRDA:61,7,0,0
BRDA:61,7,1,0
BRDA:61,7,2,0
BRDA:61,7,3,0
BRDA:65,8,0,0
BRDA:65,8,1,0
BRDA:68,9,0,0
BRDA:68,9,1,1
BRDA:70,10,0,1
BRDA:70,10,1,0
BRDA:73,11,0,0
BRDA:73,11,1,1
BRDA:75,12,0,1
BRDA:75,12,1,0
BRDA:90,13,0,1
BRDA:90,13,1,0
BRDA:100,14,0,1
BRDA:100,14,1,0
BRDA:108,15,0,0
BRDA:108,15,1,1
BRDA:108,16,0,1
BRDA:108,16,1,1
BRDA:109,17,0,0
BRDA:109,17,1,0
BRDA:109,18,0,0
BRDA:109,18,1,0
BRDA:114,19,0,0
BRDA:114,19,1,0
BRDA:114,20,0,0
BRDA:114,20,1,0
BRDA:114,20,2,0
BRDA:114,20,3,0
BRDA:114,20,4,0
BRDA:119,21,0,0
BRDA:119,21,1,0
BRDA:122,22,0,1
BRDA:122,22,1,0
BRDA:122,23,0,1
BRDA:122,23,1,0
BRDA:124,24,0,0
BRDA:124,24,1,0
BRDA:127,25,0,1
BRDA:127,25,1,0
BRDA:127,26,0,1
BRDA:127,26,1,0
BRDA:129,27,0,0
BRDA:129,27,1,0
BRF:59
BRH:18
end_of_record
TN:
SF:/Users/keerthanathangaraju/mergeChanges/SB4-MAYDAY/routes/firstaid.js
FN:9,(anonymous_1)
FN:13,(anonymous_2)
FN:20,(anonymous_3)
FN:31,(anonymous_4)
FN:40,(anonymous_5)
FN:47,(anonymous_6)
FN:55,(anonymous_7)
FN:61,(anonymous_8)
FN:66,(anonymous_9)
FNF:9
FNH:4
FNDA:0,(anonymous_1)
FNDA:0,(anonymous_2)
FNDA:0,(anonymous_3)
FNDA:1,(anonymous_4)
FNDA:1,(anonymous_5)
FNDA:0,(anonymous_6)
FNDA:1,(anonymous_7)
FNDA:1,(anonymous_8)
FNDA:0,(anonymous_9)
DA:4,1
DA:5,1
DA:6,1
DA:7,1
DA:9,1
DA:11,0
DA:12,0
DA:14,0
DA:15,0
DA:21,0
DA:31,1
DA:32,1
DA:33,1
DA:34,1
DA:35,1
DA:41,1
DA:42,1
DA:48,0
DA:55,1
DA:56,1
DA:57,1
DA:58,1
DA:60,1
DA:62,1
DA:67,0
DA:75,1
LF:26
LH:19
BRF:0
BRH:0
end_of_record
TN:
SF:/Users/keerthanathangaraju/mergeChanges/SB4-MAYDAY/routes/publicmessage.js
FN:12,(anonymous_1)
FN:13,(anonymous_2)
FN:15,(anonymous_3)
FN:21,(anonymous_4)
FN:28,(anonymous_5)
FN:32,(anonymous_6)
FN:40,(anonymous_7)
FN:50,(anonymous_8)
FN:52,(anonymous_9)
FN:60,(anonymous_10)
FN:62,(anonymous_11)
FN:70,(anonymous_12)
FNF:12
FNH:10
FNDA:1,(anonymous_1)
FNDA:1,(anonymous_2)
FNDA:1,(anonymous_3)
FNDA:0,(anonymous_4)
FNDA:1,(anonymous_5)
FNDA:1,(anonymous_6)
FNDA:1,(anonymous_7)
FNDA:1,(anonymous_8)
FNDA:1,(anonymous_9)
FNDA:1,(anonymous_10)
FNDA:1,(anonymous_11)
FNDA:0,(anonymous_12)
DA:6,1
DA:7,1
DA:8,1
DA:9,1
DA:12,1
DA:13,1
DA:14,1
DA:16,1
DA:22,0
DA:28,1
DA:29,1
DA:30,1
DA:31,1
DA:33,1
DA:34,0
DA:35,0
DA:41,1
DA:50,1
DA:51,1
DA:52,1
DA:53,1
DA:60,1
DA:61,1
DA:63,1
DA:64,1
DA:71,0
DA:82,1
LF:27
LH:23
BRF:0
BRH:0
end_of_record
TN:
SF:/Users/keerthanathangaraju/mergeChanges/SB4-MAYDAY/routes/privatemessage.js
FN:10,(anonymous_1)
FN:13,(anonymous_2)
FN:26,(anonymous_3)
FN:32,(anonymous_4)
FN:38,(anonymous_5)
FN:45,(anonymous_6)
FN:57,(anonymous_7)
FN:63,(anonymous_8)
FN:69,(anonymous_9)
FN:75,(anonymous_10)
FN:80,(anonymous_11)
FN:90,(anonymous_12)
FN:106,(anonymous_13)
FN:111,(anonymous_14)
FNF:14
FNH:7
FNDA:1,(anonymous_1)
FNDA:1,(anonymous_2)
FNDA:1,(anonymous_3)
FNDA:0,(anonymous_4)
FNDA:1,(anonymous_5)
FNDA:1,(anonymous_6)
FNDA:0,(anonymous_7)
FNDA:1,(anonymous_8)
FNDA:1,(anonymous_9)
FNDA:0,(anonymous_10)
FNDA:0,(anonymous_11)
FNDA:0,(anonymous_12)
FNDA:0,(anonymous_13)
FNDA:0,(anonymous_14)
DA:6,1
DA:7,1
DA:8,1
DA:10,1
DA:13,1
DA:14,1
DA:15,1
DA:16,1
DA:27,1
DA:33,0
DA:38,1
DA:39,1
DA:40,1
DA:46,1
DA:47,0
DA:48,0
DA:49,0
DA:50,0
DA:53,1
DA:58,0
DA:63,1
DA:64,1
DA:65,1
DA:70,1
DA:76,0
DA:80,1
DA:81,0
DA:91,0
DA:92,0
DA:93,0
DA:94,0
DA:96,0
DA:97,0
DA:100,0
DA:101,0
DA:107,0
DA:111,1
DA:112,0
DA:115,1
LF:39
LH:21
BRDA:49,1,0,0
BRDA:49,1,1,0
BRDA:49,2,0,0
BRDA:49,2,1,0
BRDA:49,2,2,0
BRDA:49,2,3,0
BRDA:93,3,0,0
BRDA:93,3,1,0
BRDA:93,4,0,0
BRDA:93,4,1,0
BRDA:96,5,0,0
BRDA:96,5,1,0
BRDA:96,6,0,0
BRDA:96,6,1,0
BRF:14
BRH:0
end_of_record
